[ 2016-11-04T13:19:42+08:00 ] ::1 /music/index.php/Home/User/assets/js/jquery.dataTables.min.js
ERR: 非法操作:assets

[ 2016-11-04T13:19:42+08:00 ] ::1 /music/index.php/Home/User/assets/js/typeahead-bs2.min.js
ERR: 非法操作:assets

[ 2016-11-04T13:19:42+08:00 ] ::1 /music/index.php/Home/User/assets/js/bootstrap.min.js
ERR: 非法操作:assets

[ 2016-11-04T13:19:42+08:00 ] ::1 /music/index.php/Home/User/assets/js/jquery.dataTables.bootstrap.js
ERR: 非法操作:assets

[ 2016-11-04T13:19:42+08:00 ] ::1 /music/index.php/Home/User/js/H-ui.js
ERR: 非法操作:js

[ 2016-11-04T13:19:42+08:00 ] ::1 /music/index.php/Home/User/js/H-ui.admin.js
ERR: 非法操作:js

[ 2016-11-04T13:19:42+08:00 ] ::1 /music/index.php/Home/User/assets/laydate/laydate.js
ERR: 非法操作:assets

[ 2016-11-04T13:19:42+08:00 ] ::1 /music/index.php/Home/User/assets/layer/layer.js
ERR: 非法操作:assets

[ 2016-11-04T13:19:42+08:00 ] ::1 /music/index.php/Home/User/assets/js/bootstrap.min.js
ERR: 非法操作:assets

[ 2016-11-04T13:19:42+08:00 ] ::1 /music/index.php/Home/User/assets/js/typeahead-bs2.min.js
ERR: 非法操作:assets

[ 2016-11-04T13:19:42+08:00 ] ::1 /music/index.php/Home/User/assets/js/jquery.dataTables.min.js
ERR: 非法操作:assets

[ 2016-11-04T13:19:43+08:00 ] ::1 /music/index.php/Home/User/assets/js/jquery.dataTables.bootstrap.js
ERR: 非法操作:assets

[ 2016-11-04T13:19:43+08:00 ] ::1 /music/index.php/Home/User/js/H-ui.js
ERR: 非法操作:js

[ 2016-11-04T13:19:43+08:00 ] ::1 /music/index.php/Home/User/js/H-ui.admin.js
ERR: 非法操作:js

[ 2016-11-04T13:19:43+08:00 ] ::1 /music/index.php/Home/User/assets/layer/layer.js
ERR: 非法操作:assets

[ 2016-11-04T13:19:43+08:00 ] ::1 /music/index.php/Home/User/assets/laydate/laydate.js
ERR: 非法操作:assets

[ 2016-11-04T13:30:51+08:00 ] ::1 /music/index.php/Home/Index/admin_Competence.html
ERR: 非法操作:admin_Competence

[ 2016-11-04T13:37:35+08:00 ] ::1 /music/index.php/Home/Auth/Auth/index
ERR: 非法操作:Auth

[ 2016-11-04T13:38:27+08:00 ] ::1 /music/index.php/Home/Auth/Auth/index
ERR: 非法操作:Auth

[ 2016-11-04T13:40:48+08:00 ] ::1 /music/index.php/Home/Auth/Auth/index
ERR: 非法操作:Auth

[ 2016-11-04T14:06:17+08:00 ] ::1 /music/index.php/Home/Group/index.html
ERR: 模板不存在:./Application/Music/Home/View/Group/index.html

[ 2016-11-04T14:24:19+08:00 ] ::1 /music/index.php/Home/Group/index.html
ERR: 1146:Table 'music.auth_rules' doesn't exist
 [ SQL语句 ] : SHOW COLUMNS FROM `auth_rules`

[ 2016-11-04T14:24:36+08:00 ] ::1 /music/index.php/Home/Group/index.html
ERR: 1064:You have an error in your SQL syntax; check the manual that corresponds to your MySQL server version for the right syntax to use near ')' at line 1
 [ SQL语句 ] : SELECT * FROM `auth_rule` WHERE `id` IN () 

[ 2016-11-04T16:34:30+08:00 ] ::1 /music/index.php/Home/Index/admin_Competence.html
ERR: 非法操作:admin_Competence

[ 2016-11-04T16:42:05+08:00 ] ::1 /music/index.php/Home/Order/show.html
ERR: 无法加载控制器:Order

[ 2016-11-04T17:22:23+08:00 ] ::1 /music/index.php/Home/Admin/assets/js/typeahead-bs2.min.js
ERR: 非法操作:assets

[ 2016-11-04T17:22:23+08:00 ] ::1 /music/index.php/Home/Admin/assets/js/jquery.dataTables.min.js
ERR: 非法操作:assets

[ 2016-11-04T17:22:23+08:00 ] ::1 /music/index.php/Home/Admin/assets/js/bootstrap.min.js
ERR: 非法操作:assets

[ 2016-11-04T17:22:23+08:00 ] ::1 /music/index.php/Home/Admin/assets/js/jquery.dataTables.bootstrap.js
ERR: 非法操作:assets

[ 2016-11-04T17:22:23+08:00 ] ::1 /music/index.php/Home/Admin/js/H-ui.js
ERR: 非法操作:js

[ 2016-11-04T17:22:23+08:00 ] ::1 /music/index.php/Home/Admin/assets/layer/layer.js
ERR: 非法操作:assets

[ 2016-11-04T17:22:23+08:00 ] ::1 /music/index.php/Home/Admin/js/H-ui.admin.js
ERR: 非法操作:js

[ 2016-11-04T17:22:23+08:00 ] ::1 /music/index.php/Home/Admin/assets/laydate/laydate.js
ERR: 非法操作:assets

[ 2016-11-04T17:22:23+08:00 ] ::1 /music/index.php/Home/Admin/assets/js/typeahead-bs2.min.js
ERR: 非法操作:assets

[ 2016-11-04T17:22:23+08:00 ] ::1 /music/index.php/Home/Admin/assets/js/jquery.dataTables.min.js
ERR: 非法操作:assets

[ 2016-11-04T17:22:23+08:00 ] ::1 /music/index.php/Home/Admin/assets/js/jquery.dataTables.bootstrap.js
ERR: 非法操作:assets

[ 2016-11-04T17:22:23+08:00 ] ::1 /music/index.php/Home/Admin/js/H-ui.js
ERR: 非法操作:js

[ 2016-11-04T17:22:23+08:00 ] ::1 /music/index.php/Home/Admin/js/H-ui.admin.js
ERR: 非法操作:js

[ 2016-11-04T17:22:23+08:00 ] ::1 /music/index.php/Home/Admin/assets/layer/layer.js
ERR: 非法操作:assets

[ 2016-11-04T17:22:23+08:00 ] ::1 /music/index.php/Home/Admin/assets/laydate/laydate.js
ERR: 非法操作:assets

[ 2016-11-04T17:28:48+08:00 ] ::1 /music/index.php/Home/Index/admin_Competence.html
ERR: 非法操作:admin_Competence

[ 2016-11-04T17:30:16+08:00 ] ::1 /music/index.php/Home/Admin/assets/js/bootstrap.min.js
ERR: 非法操作:assets

[ 2016-11-04T17:30:16+08:00 ] ::1 /music/index.php/Home/Admin/assets/js/typeahead-bs2.min.js
ERR: 非法操作:assets

[ 2016-11-04T17:30:16+08:00 ] ::1 /music/index.php/Home/Admin/assets/js/jquery.dataTables.min.js
ERR: 非法操作:assets

[ 2016-11-04T17:30:16+08:00 ] ::1 /music/index.php/Home/Admin/js/H-ui.js
ERR: 非法操作:js

[ 2016-11-04T17:30:16+08:00 ] ::1 /music/index.php/Home/Admin/assets/js/jquery.dataTables.bootstrap.js
ERR: 非法操作:assets

[ 2016-11-04T17:30:16+08:00 ] ::1 /music/index.php/Home/Admin/js/H-ui.admin.js
ERR: 非法操作:js

[ 2016-11-04T17:30:16+08:00 ] ::1 /music/index.php/Home/Admin/assets/layer/layer.js
ERR: 非法操作:assets

[ 2016-11-04T17:30:16+08:00 ] ::1 /music/index.php/Home/Admin/assets/laydate/laydate.js
ERR: 非法操作:assets

[ 2016-11-04T17:30:16+08:00 ] ::1 /music/index.php/Home/Admin/assets/js/bootstrap.min.js
ERR: 非法操作:assets

[ 2016-11-04T17:30:16+08:00 ] ::1 /music/index.php/Home/Admin/assets/js/typeahead-bs2.min.js
ERR: 非法操作:assets

[ 2016-11-04T17:30:16+08:00 ] ::1 /music/index.php/Home/Admin/assets/js/jquery.dataTables.min.js
ERR: 非法操作:assets

[ 2016-11-04T17:30:16+08:00 ] ::1 /music/index.php/Home/Admin/assets/js/jquery.dataTables.bootstrap.js
ERR: 非法操作:assets

[ 2016-11-04T17:30:16+08:00 ] ::1 /music/index.php/Home/Admin/js/H-ui.js
ERR: 非法操作:js

[ 2016-11-04T17:30:16+08:00 ] ::1 /music/index.php/Home/Admin/js/H-ui.admin.js
ERR: 非法操作:js

[ 2016-11-04T17:30:16+08:00 ] ::1 /music/index.php/Home/Admin/assets/layer/layer.js
ERR: 非法操作:assets

[ 2016-11-04T17:30:16+08:00 ] ::1 /music/index.php/Home/Admin/assets/laydate/laydate.js
ERR: 非法操作:assets

[ 2016-11-04T18:09:32+08:00 ] ::1 /music/index.php/Home/Group/%E5%90%AF%E7%94%A8%E6%88%90%E5%8A%9F!.html
ERR: 非法操作:启用成功!

[ 2016-11-04T18:37:53+08:00 ] ::1 /music/index.php/Home/Auth/edit/id/1.html
ERR: 非法操作:edit

[ 2016-11-04T18:52:05+08:00 ] ::1 /music/index.php/Home/Admin/assets/js/bootstrap.min.js
ERR: 非法操作:assets

[ 2016-11-04T18:52:05+08:00 ] ::1 /music/index.php/Home/Admin/assets/js/typeahead-bs2.min.js
ERR: 非法操作:assets

[ 2016-11-04T18:52:05+08:00 ] ::1 /music/index.php/Home/Admin/assets/js/jquery.dataTables.bootstrap.js
ERR: 非法操作:assets

[ 2016-11-04T18:52:05+08:00 ] ::1 /music/index.php/Home/Admin/js/H-ui.admin.js
ERR: 非法操作:js

[ 2016-11-04T18:52:05+08:00 ] ::1 /music/index.php/Home/Admin/js/H-ui.js
ERR: 非法操作:js

[ 2016-11-04T18:52:05+08:00 ] ::1 /music/index.php/Home/Admin/assets/layer/layer.js
ERR: 非法操作:assets

[ 2016-11-04T18:52:05+08:00 ] ::1 /music/index.php/Home/Admin/assets/js/jquery.dataTables.min.js
ERR: 非法操作:assets

[ 2016-11-04T18:52:05+08:00 ] ::1 /music/index.php/Home/Admin/assets/laydate/laydate.js
ERR: 非法操作:assets

[ 2016-11-04T18:52:05+08:00 ] ::1 /music/index.php/Home/Admin/assets/js/bootstrap.min.js
ERR: 非法操作:assets

[ 2016-11-04T18:52:05+08:00 ] ::1 /music/index.php/Home/Admin/assets/js/typeahead-bs2.min.js
ERR: 非法操作:assets

[ 2016-11-04T18:52:05+08:00 ] ::1 /music/index.php/Home/Admin/assets/js/jquery.dataTables.min.js
ERR: 非法操作:assets

[ 2016-11-04T18:52:05+08:00 ] ::1 /music/index.php/Home/Admin/assets/js/jquery.dataTables.bootstrap.js
ERR: 非法操作:assets

[ 2016-11-04T18:52:05+08:00 ] ::1 /music/index.php/Home/Admin/js/H-ui.js
ERR: 非法操作:js

[ 2016-11-04T18:52:05+08:00 ] ::1 /music/index.php/Home/Admin/js/H-ui.admin.js
ERR: 非法操作:js

[ 2016-11-04T18:52:05+08:00 ] ::1 /music/index.php/Home/Admin/assets/layer/layer.js
ERR: 非法操作:assets

[ 2016-11-04T18:52:05+08:00 ] ::1 /music/index.php/Home/Admin/assets/laydate/laydate.js
ERR: 非法操作:assets

[ 2016-11-04T18:57:45+08:00 ] ::1 /music/index.php/Home/Admin/assets/js/jquery.dataTables.bootstrap.js
ERR: 非法操作:assets

[ 2016-11-04T18:57:45+08:00 ] ::1 /music/index.php/Home/Admin/js/H-ui.admin.js
ERR: 非法操作:js

[ 2016-11-04T18:57:45+08:00 ] ::1 /music/index.php/Home/Admin/assets/js/jquery.dataTables.min.js
ERR: 非法操作:assets

[ 2016-11-04T18:57:45+08:00 ] ::1 /music/index.php/Home/Admin/js/H-ui.js
ERR: 非法操作:js

[ 2016-11-04T18:57:45+08:00 ] ::1 /music/index.php/Home/Admin/assets/js/bootstrap.min.js
ERR: 非法操作:assets

[ 2016-11-04T18:57:45+08:00 ] ::1 /music/index.php/Home/Admin/assets/js/typeahead-bs2.min.js
ERR: 非法操作:assets

[ 2016-11-04T18:57:45+08:00 ] ::1 /music/index.php/Home/Admin/assets/layer/layer.js
ERR: 非法操作:assets

[ 2016-11-04T18:57:45+08:00 ] ::1 /music/index.php/Home/Admin/assets/laydate/laydate.js
ERR: 非法操作:assets

[ 2016-11-04T18:57:45+08:00 ] ::1 /music/index.php/Home/Admin/assets/js/jquery.dataTables.min.js
ERR: 非法操作:assets

[ 2016-11-04T18:57:45+08:00 ] ::1 /music/index.php/Home/Admin/assets/js/jquery.dataTables.bootstrap.js
ERR: 非法操作:assets

[ 2016-11-04T18:57:45+08:00 ] ::1 /music/index.php/Home/Admin/js/H-ui.js
ERR: 非法操作:js

[ 2016-11-04T18:57:45+08:00 ] ::1 /music/index.php/Home/Admin/js/H-ui.admin.js
ERR: 非法操作:js

[ 2016-11-04T18:57:45+08:00 ] ::1 /music/index.php/Home/Admin/assets/layer/layer.js
ERR: 非法操作:assets

[ 2016-11-04T18:57:45+08:00 ] ::1 /music/index.php/Home/Admin/assets/laydate/laydate.js
ERR: 非法操作:assets

[ 2016-11-04T18:59:08+08:00 ] ::1 /music/index.php/Home/Admin/assets/js/jquery.dataTables.min.js
ERR: 非法操作:assets

[ 2016-11-04T18:59:08+08:00 ] ::1 /music/index.php/Home/Admin/assets/js/typeahead-bs2.min.js
ERR: 非法操作:assets

[ 2016-11-04T18:59:08+08:00 ] ::1 /music/index.php/Home/Admin/assets/js/bootstrap.min.js
ERR: 非法操作:assets

[ 2016-11-04T18:59:08+08:00 ] ::1 /music/index.php/Home/Admin/assets/js/jquery.dataTables.bootstrap.js
ERR: 非法操作:assets

[ 2016-11-04T18:59:08+08:00 ] ::1 /music/index.php/Home/Admin/js/H-ui.js
ERR: 非法操作:js

[ 2016-11-04T18:59:08+08:00 ] ::1 /music/index.php/Home/Admin/js/H-ui.admin.js
ERR: 非法操作:js

[ 2016-11-04T18:59:08+08:00 ] ::1 /music/index.php/Home/Admin/assets/layer/layer.js
ERR: 非法操作:assets

[ 2016-11-04T18:59:08+08:00 ] ::1 /music/index.php/Home/Admin/assets/laydate/laydate.js
ERR: 非法操作:assets

[ 2016-11-04T18:59:08+08:00 ] ::1 /music/index.php/Home/Admin/assets/js/typeahead-bs2.min.js
ERR: 非法操作:assets

[ 2016-11-04T18:59:08+08:00 ] ::1 /music/index.php/Home/Admin/assets/js/jquery.dataTables.min.js
ERR: 非法操作:assets

[ 2016-11-04T18:59:08+08:00 ] ::1 /music/index.php/Home/Admin/assets/js/jquery.dataTables.bootstrap.js
ERR: 非法操作:assets

[ 2016-11-04T18:59:08+08:00 ] ::1 /music/index.php/Home/Admin/js/H-ui.js
ERR: 非法操作:js

[ 2016-11-04T18:59:08+08:00 ] ::1 /music/index.php/Home/Admin/js/H-ui.admin.js
ERR: 非法操作:js

[ 2016-11-04T18:59:08+08:00 ] ::1 /music/index.php/Home/Admin/assets/layer/layer.js
ERR: 非法操作:assets

[ 2016-11-04T18:59:08+08:00 ] ::1 /music/index.php/Home/Admin/assets/laydate/laydate.js
ERR: 非法操作:assets

[ 2016-11-04T19:05:02+08:00 ] ::1 /music/index.php/Home/User/assets/js/typeahead-bs2.min.js
ERR: 非法操作:assets

[ 2016-11-04T19:05:02+08:00 ] ::1 /music/index.php/Home/User/assets/js/bootstrap.min.js
ERR: 非法操作:assets

[ 2016-11-04T19:05:02+08:00 ] ::1 /music/index.php/Home/User/js/H-ui.js
ERR: 非法操作:js

[ 2016-11-04T19:05:02+08:00 ] ::1 /music/index.php/Home/User/assets/js/jquery.dataTables.bootstrap.js
ERR: 非法操作:assets

[ 2016-11-04T19:05:02+08:00 ] ::1 /music/index.php/Home/User/assets/laydate/laydate.js
ERR: 非法操作:assets

[ 2016-11-04T19:05:02+08:00 ] ::1 /music/index.php/Home/User/assets/layer/layer.js
ERR: 非法操作:assets

[ 2016-11-04T19:05:02+08:00 ] ::1 /music/index.php/Home/User/js/H-ui.admin.js
ERR: 非法操作:js

[ 2016-11-04T19:05:02+08:00 ] ::1 /music/index.php/Home/User/assets/js/jquery.dataTables.min.js
ERR: 非法操作:assets

[ 2016-11-04T19:05:02+08:00 ] ::1 /music/index.php/Home/User/assets/js/bootstrap.min.js
ERR: 非法操作:assets

[ 2016-11-04T19:05:02+08:00 ] ::1 /music/index.php/Home/User/assets/js/typeahead-bs2.min.js
ERR: 非法操作:assets

[ 2016-11-04T19:05:02+08:00 ] ::1 /music/index.php/Home/User/assets/js/jquery.dataTables.min.js
ERR: 非法操作:assets

[ 2016-11-04T19:05:02+08:00 ] ::1 /music/index.php/Home/User/assets/js/jquery.dataTables.bootstrap.js
ERR: 非法操作:assets

[ 2016-11-04T19:05:02+08:00 ] ::1 /music/index.php/Home/User/js/H-ui.js
ERR: 非法操作:js

[ 2016-11-04T19:05:02+08:00 ] ::1 /music/index.php/Home/User/js/H-ui.admin.js
ERR: 非法操作:js

[ 2016-11-04T19:05:02+08:00 ] ::1 /music/index.php/Home/User/assets/layer/layer.js
ERR: 非法操作:assets

[ 2016-11-04T19:05:02+08:00 ] ::1 /music/index.php/Home/User/assets/laydate/laydate.js
ERR: 非法操作:assets

[ 2016-11-04T19:05:04+08:00 ] ::1 /music/index.php/Home/Admin/assets/js/jquery.dataTables.min.js
ERR: 非法操作:assets

[ 2016-11-04T19:05:04+08:00 ] ::1 /music/index.php/Home/Admin/assets/js/bootstrap.min.js
ERR: 非法操作:assets

[ 2016-11-04T19:05:04+08:00 ] ::1 /music/index.php/Home/Admin/assets/js/typeahead-bs2.min.js
ERR: 非法操作:assets

[ 2016-11-04T19:05:04+08:00 ] ::1 /music/index.php/Home/Admin/assets/js/jquery.dataTables.bootstrap.js
ERR: 非法操作:assets

[ 2016-11-04T19:05:04+08:00 ] ::1 /music/index.php/Home/Admin/js/H-ui.js
ERR: 非法操作:js

[ 2016-11-04T19:05:04+08:00 ] ::1 /music/index.php/Home/Admin/js/H-ui.admin.js
ERR: 非法操作:js

[ 2016-11-04T19:05:04+08:00 ] ::1 /music/index.php/Home/Admin/assets/layer/layer.js
ERR: 非法操作:assets

[ 2016-11-04T19:05:04+08:00 ] ::1 /music/index.php/Home/Admin/assets/laydate/laydate.js
ERR: 非法操作:assets

[ 2016-11-04T19:05:04+08:00 ] ::1 /music/index.php/Home/Admin/assets/js/bootstrap.min.js
ERR: 非法操作:assets

[ 2016-11-04T19:05:04+08:00 ] ::1 /music/index.php/Home/Admin/assets/js/typeahead-bs2.min.js
ERR: 非法操作:assets

[ 2016-11-04T19:05:04+08:00 ] ::1 /music/index.php/Home/Admin/assets/js/jquery.dataTables.min.js
ERR: 非法操作:assets

[ 2016-11-04T19:05:04+08:00 ] ::1 /music/index.php/Home/Admin/assets/js/jquery.dataTables.bootstrap.js
ERR: 非法操作:assets

[ 2016-11-04T19:05:04+08:00 ] ::1 /music/index.php/Home/Admin/js/H-ui.js
ERR: 非法操作:js

[ 2016-11-04T19:05:04+08:00 ] ::1 /music/index.php/Home/Admin/js/H-ui.admin.js
ERR: 非法操作:js

[ 2016-11-04T19:05:04+08:00 ] ::1 /music/index.php/Home/Admin/assets/layer/layer.js
ERR: 非法操作:assets

[ 2016-11-04T19:05:04+08:00 ] ::1 /music/index.php/Home/Admin/assets/laydate/laydate.js
ERR: 非法操作:assets

[ 2016-11-04T19:09:46+08:00 ] ::1 /music/index.php/Home/User/assets/js/bootstrap.min.js
ERR: 非法操作:assets

[ 2016-11-04T19:09:46+08:00 ] ::1 /music/index.php/Home/User/assets/js/jquery.dataTables.bootstrap.js
ERR: 非法操作:assets

[ 2016-11-04T19:09:46+08:00 ] ::1 /music/index.php/Home/User/assets/js/typeahead-bs2.min.js
ERR: 非法操作:assets

[ 2016-11-04T19:09:46+08:00 ] ::1 /music/index.php/Home/User/js/H-ui.js
ERR: 非法操作:js

[ 2016-11-04T19:09:46+08:00 ] ::1 /music/index.php/Home/User/assets/js/jquery.dataTables.min.js
ERR: 非法操作:assets

[ 2016-11-04T19:09:46+08:00 ] ::1 /music/index.php/Home/User/js/H-ui.admin.js
ERR: 非法操作:js

[ 2016-11-04T19:09:46+08:00 ] ::1 /music/index.php/Home/User/assets/layer/layer.js
ERR: 非法操作:assets

[ 2016-11-04T19:09:46+08:00 ] ::1 /music/index.php/Home/User/assets/laydate/laydate.js
ERR: 非法操作:assets

[ 2016-11-04T19:09:46+08:00 ] ::1 /music/index.php/Home/User/assets/js/bootstrap.min.js
ERR: 非法操作:assets

[ 2016-11-04T19:09:46+08:00 ] ::1 /music/index.php/Home/User/assets/js/typeahead-bs2.min.js
ERR: 非法操作:assets

[ 2016-11-04T19:09:46+08:00 ] ::1 /music/index.php/Home/User/assets/js/jquery.dataTables.min.js
ERR: 非法操作:assets

[ 2016-11-04T19:09:46+08:00 ] ::1 /music/index.php/Home/User/assets/js/jquery.dataTables.bootstrap.js
ERR: 非法操作:assets

[ 2016-11-04T19:09:46+08:00 ] ::1 /music/index.php/Home/User/js/H-ui.js
ERR: 非法操作:js

[ 2016-11-04T19:09:46+08:00 ] ::1 /music/index.php/Home/User/js/H-ui.admin.js
ERR: 非法操作:js

[ 2016-11-04T19:09:46+08:00 ] ::1 /music/index.php/Home/User/assets/layer/layer.js
ERR: 非法操作:assets

[ 2016-11-04T19:09:46+08:00 ] ::1 /music/index.php/Home/User/assets/laydate/laydate.js
ERR: 非法操作:assets

[ 2016-11-04T19:09:48+08:00 ] ::1 /music/index.php/Home/Admin/assets/js/jquery.dataTables.min.js
ERR: 非法操作:assets

[ 2016-11-04T19:09:48+08:00 ] ::1 /music/index.php/Home/Admin/assets/js/typeahead-bs2.min.js
ERR: 非法操作:assets

[ 2016-11-04T19:09:48+08:00 ] ::1 /music/index.php/Home/Admin/assets/js/jquery.dataTables.bootstrap.js
ERR: 非法操作:assets

[ 2016-11-04T19:09:48+08:00 ] ::1 /music/index.php/Home/Admin/assets/js/bootstrap.min.js
ERR: 非法操作:assets

[ 2016-11-04T19:09:48+08:00 ] ::1 /music/index.php/Home/Admin/js/H-ui.js
ERR: 非法操作:js

[ 2016-11-04T19:09:48+08:00 ] ::1 /music/index.php/Home/Admin/js/H-ui.admin.js
ERR: 非法操作:js

[ 2016-11-04T19:09:48+08:00 ] ::1 /music/index.php/Home/Admin/assets/layer/layer.js
ERR: 非法操作:assets

[ 2016-11-04T19:09:48+08:00 ] ::1 /music/index.php/Home/Admin/assets/laydate/laydate.js
ERR: 非法操作:assets

[ 2016-11-04T19:09:48+08:00 ] ::1 /music/index.php/Home/Admin/assets/js/bootstrap.min.js
ERR: 非法操作:assets

[ 2016-11-04T19:09:48+08:00 ] ::1 /music/index.php/Home/Admin/assets/js/typeahead-bs2.min.js
ERR: 非法操作:assets

[ 2016-11-04T19:09:48+08:00 ] ::1 /music/index.php/Home/Admin/assets/js/jquery.dataTables.min.js
ERR: 非法操作:assets

[ 2016-11-04T19:09:48+08:00 ] ::1 /music/index.php/Home/Admin/assets/js/jquery.dataTables.bootstrap.js
ERR: 非法操作:assets

[ 2016-11-04T19:09:48+08:00 ] ::1 /music/index.php/Home/Admin/js/H-ui.js
ERR: 非法操作:js

[ 2016-11-04T19:09:48+08:00 ] ::1 /music/index.php/Home/Admin/js/H-ui.admin.js
ERR: 非法操作:js

[ 2016-11-04T19:09:48+08:00 ] ::1 /music/index.php/Home/Admin/assets/layer/layer.js
ERR: 非法操作:assets

[ 2016-11-04T19:09:48+08:00 ] ::1 /music/index.php/Home/Admin/assets/laydate/laydate.js
ERR: 非法操作:assets

[ 2016-11-04T19:11:27+08:00 ] ::1 /music/index.php/Home/Admin/assets/js/jquery.dataTables.min.js
ERR: 非法操作:assets

[ 2016-11-04T19:11:27+08:00 ] ::1 /music/index.php/Home/Admin/assets/js/typeahead-bs2.min.js
ERR: 非法操作:assets

[ 2016-11-04T19:11:27+08:00 ] ::1 /music/index.php/Home/Admin/assets/js/bootstrap.min.js
ERR: 非法操作:assets

[ 2016-11-04T19:11:27+08:00 ] ::1 /music/index.php/Home/Admin/assets/js/jquery.dataTables.bootstrap.js
ERR: 非法操作:assets

[ 2016-11-04T19:11:27+08:00 ] ::1 /music/index.php/Home/Admin/js/H-ui.js
ERR: 非法操作:js

[ 2016-11-04T19:11:27+08:00 ] ::1 /music/index.php/Home/Admin/js/H-ui.admin.js
ERR: 非法操作:js

[ 2016-11-04T19:11:27+08:00 ] ::1 /music/index.php/Home/Admin/assets/layer/layer.js
ERR: 非法操作:assets

[ 2016-11-04T19:11:27+08:00 ] ::1 /music/index.php/Home/Admin/assets/laydate/laydate.js
ERR: 非法操作:assets

[ 2016-11-04T19:11:27+08:00 ] ::1 /music/index.php/Home/Admin/assets/js/bootstrap.min.js
ERR: 非法操作:assets

[ 2016-11-04T19:11:27+08:00 ] ::1 /music/index.php/Home/Admin/assets/js/typeahead-bs2.min.js
ERR: 非法操作:assets

[ 2016-11-04T19:11:27+08:00 ] ::1 /music/index.php/Home/Admin/assets/js/jquery.dataTables.min.js
ERR: 非法操作:assets

[ 2016-11-04T19:11:27+08:00 ] ::1 /music/index.php/Home/Admin/assets/js/jquery.dataTables.bootstrap.js
ERR: 非法操作:assets

[ 2016-11-04T19:11:27+08:00 ] ::1 /music/index.php/Home/Admin/js/H-ui.js
ERR: 非法操作:js

[ 2016-11-04T19:11:27+08:00 ] ::1 /music/index.php/Home/Admin/js/H-ui.admin.js
ERR: 非法操作:js

[ 2016-11-04T19:11:27+08:00 ] ::1 /music/index.php/Home/Admin/assets/layer/layer.js
ERR: 非法操作:assets

[ 2016-11-04T19:11:27+08:00 ] ::1 /music/index.php/Home/Admin/assets/laydate/laydate.js
ERR: 非法操作:assets

[ 2016-11-04T19:12:07+08:00 ] ::1 /music/index.php/Home/Admin/assets/js/typeahead-bs2.min.js
ERR: 非法操作:assets

[ 2016-11-04T19:12:07+08:00 ] ::1 /music/index.php/Home/Admin/assets/js/jquery.dataTables.min.js
ERR: 非法操作:assets

[ 2016-11-04T19:12:07+08:00 ] ::1 /music/index.php/Home/Admin/assets/js/bootstrap.min.js
ERR: 非法操作:assets

[ 2016-11-04T19:12:07+08:00 ] ::1 /music/index.php/Home/Admin/assets/js/jquery.dataTables.bootstrap.js
ERR: 非法操作:assets

[ 2016-11-04T19:12:07+08:00 ] ::1 /music/index.php/Home/Admin/js/H-ui.js
ERR: 非法操作:js

[ 2016-11-04T19:12:07+08:00 ] ::1 /music/index.php/Home/Admin/assets/laydate/laydate.js
ERR: 非法操作:assets

[ 2016-11-04T19:12:07+08:00 ] ::1 /music/index.php/Home/Admin/js/H-ui.admin.js
ERR: 非法操作:js

[ 2016-11-04T19:12:07+08:00 ] ::1 /music/index.php/Home/Admin/assets/layer/layer.js
ERR: 非法操作:assets

[ 2016-11-04T19:12:07+08:00 ] ::1 /music/index.php/Home/Admin/assets/js/bootstrap.min.js
ERR: 非法操作:assets

[ 2016-11-04T19:12:07+08:00 ] ::1 /music/index.php/Home/Admin/assets/js/typeahead-bs2.min.js
ERR: 非法操作:assets

[ 2016-11-04T19:12:07+08:00 ] ::1 /music/index.php/Home/Admin/assets/js/jquery.dataTables.min.js
ERR: 非法操作:assets

[ 2016-11-04T19:12:07+08:00 ] ::1 /music/index.php/Home/Admin/assets/js/jquery.dataTables.bootstrap.js
ERR: 非法操作:assets

[ 2016-11-04T19:12:07+08:00 ] ::1 /music/index.php/Home/Admin/js/H-ui.js
ERR: 非法操作:js

[ 2016-11-04T19:12:07+08:00 ] ::1 /music/index.php/Home/Admin/js/H-ui.admin.js
ERR: 非法操作:js

[ 2016-11-04T19:12:07+08:00 ] ::1 /music/index.php/Home/Admin/assets/layer/layer.js
ERR: 非法操作:assets

[ 2016-11-04T19:12:07+08:00 ] ::1 /music/index.php/Home/Admin/assets/laydate/laydate.js
ERR: 非法操作:assets

[ 2016-11-04T19:21:36+08:00 ] ::1 /music/index.php/Home/User/status/status/1/id/3.html
ERR: 非法操作:status

[ 2016-11-04T19:23:38+08:00 ] ::1 /music/index.php/Home/User/status/status/1/id/3.html
ERR: 非法操作:status

[ 2016-11-04T19:23:55+08:00 ] ::1 /music/index.php/Home/Admin/status/status/1/id/3.html
ERR: 1064:You have an error in your SQL syntax; check the manual that corresponds to your MySQL server version for the right syntax to use near 'WHERE `id` = 3' at line 1
 [ SQL语句 ] : UPDATE `user` SET  WHERE `id` = 3

[ 2016-11-04T19:28:36+08:00 ] ::1 /music/index.php/Home/Admin/assets/js/jquery.dataTables.min.js
ERR: 非法操作:assets

[ 2016-11-04T19:28:36+08:00 ] ::1 /music/index.php/Home/Admin/assets/js/bootstrap.min.js
ERR: 非法操作:assets

[ 2016-11-04T19:28:36+08:00 ] ::1 /music/index.php/Home/Admin/assets/js/typeahead-bs2.min.js
ERR: 非法操作:assets

[ 2016-11-04T19:28:36+08:00 ] ::1 /music/index.php/Home/Admin/assets/js/jquery.dataTables.bootstrap.js
ERR: 非法操作:assets

[ 2016-11-04T19:28:36+08:00 ] ::1 /music/index.php/Home/Admin/js/H-ui.js
ERR: 非法操作:js

[ 2016-11-04T19:28:36+08:00 ] ::1 /music/index.php/Home/Admin/js/H-ui.admin.js
ERR: 非法操作:js

[ 2016-11-04T19:28:36+08:00 ] ::1 /music/index.php/Home/Admin/assets/layer/layer.js
ERR: 非法操作:assets

[ 2016-11-04T19:28:36+08:00 ] ::1 /music/index.php/Home/Admin/assets/laydate/laydate.js
ERR: 非法操作:assets

[ 2016-11-04T19:28:36+08:00 ] ::1 /music/index.php/Home/Admin/assets/js/bootstrap.min.js
ERR: 非法操作:assets

[ 2016-11-04T19:28:36+08:00 ] ::1 /music/index.php/Home/Admin/assets/js/typeahead-bs2.min.js
ERR: 非法操作:assets

[ 2016-11-04T19:28:36+08:00 ] ::1 /music/index.php/Home/Admin/assets/js/jquery.dataTables.min.js
ERR: 非法操作:assets

[ 2016-11-04T19:28:36+08:00 ] ::1 /music/index.php/Home/Admin/assets/js/jquery.dataTables.bootstrap.js
ERR: 非法操作:assets

[ 2016-11-04T19:28:36+08:00 ] ::1 /music/index.php/Home/Admin/js/H-ui.js
ERR: 非法操作:js

[ 2016-11-04T19:28:36+08:00 ] ::1 /music/index.php/Home/Admin/js/H-ui.admin.js
ERR: 非法操作:js

[ 2016-11-04T19:28:36+08:00 ] ::1 /music/index.php/Home/Admin/assets/layer/layer.js
ERR: 非法操作:assets

[ 2016-11-04T19:28:36+08:00 ] ::1 /music/index.php/Home/Admin/assets/laydate/laydate.js
ERR: 非法操作:assets

[ 2016-11-04T19:41:08+08:00 ] ::1 /music/index.php/Home/User/assets/js/bootstrap.min.js
ERR: 非法操作:assets

[ 2016-11-04T19:41:08+08:00 ] ::1 /music/index.php/Home/User/assets/js/typeahead-bs2.min.js
ERR: 非法操作:assets

[ 2016-11-04T19:41:08+08:00 ] ::1 /music/index.php/Home/User/js/H-ui.js
ERR: 非法操作:js

[ 2016-11-04T19:41:08+08:00 ] ::1 /music/index.php/Home/User/assets/js/jquery.dataTables.bootstrap.js
ERR: 非法操作:assets

[ 2016-11-04T19:41:08+08:00 ] ::1 /music/index.php/Home/User/js/H-ui.admin.js
ERR: 非法操作:js

[ 2016-11-04T19:41:08+08:00 ] ::1 /music/index.php/Home/User/assets/js/jquery.dataTables.min.js
ERR: 非法操作:assets

[ 2016-11-04T19:41:08+08:00 ] ::1 /music/index.php/Home/User/assets/layer/layer.js
ERR: 非法操作:assets

[ 2016-11-04T19:41:08+08:00 ] ::1 /music/index.php/Home/User/assets/laydate/laydate.js
ERR: 非法操作:assets

[ 2016-11-04T19:41:08+08:00 ] ::1 /music/index.php/Home/User/assets/js/bootstrap.min.js
ERR: 非法操作:assets

[ 2016-11-04T19:41:09+08:00 ] ::1 /music/index.php/Home/User/assets/js/typeahead-bs2.min.js
ERR: 非法操作:assets

[ 2016-11-04T19:41:09+08:00 ] ::1 /music/index.php/Home/User/assets/js/jquery.dataTables.min.js
ERR: 非法操作:assets

[ 2016-11-04T19:41:09+08:00 ] ::1 /music/index.php/Home/User/assets/js/jquery.dataTables.bootstrap.js
ERR: 非法操作:assets

[ 2016-11-04T19:41:09+08:00 ] ::1 /music/index.php/Home/User/js/H-ui.js
ERR: 非法操作:js

[ 2016-11-04T19:41:09+08:00 ] ::1 /music/index.php/Home/User/js/H-ui.admin.js
ERR: 非法操作:js

[ 2016-11-04T19:41:09+08:00 ] ::1 /music/index.php/Home/User/assets/layer/layer.js
ERR: 非法操作:assets

[ 2016-11-04T19:41:09+08:00 ] ::1 /music/index.php/Home/User/assets/laydate/laydate.js
ERR: 非法操作:assets

[ 2016-11-04T19:41:15+08:00 ] ::1 /music/index.php/Home/Admin/assets/js/bootstrap.min.js
ERR: 非法操作:assets

[ 2016-11-04T19:41:15+08:00 ] ::1 /music/index.php/Home/Admin/assets/js/typeahead-bs2.min.js
ERR: 非法操作:assets

[ 2016-11-04T19:41:15+08:00 ] ::1 /music/index.php/Home/Admin/assets/js/jquery.dataTables.min.js
ERR: 非法操作:assets

[ 2016-11-04T19:41:15+08:00 ] ::1 /music/index.php/Home/Admin/assets/js/jquery.dataTables.bootstrap.js
ERR: 非法操作:assets

[ 2016-11-04T19:41:15+08:00 ] ::1 /music/index.php/Home/Admin/js/H-ui.js
ERR: 非法操作:js

[ 2016-11-04T19:41:15+08:00 ] ::1 /music/index.php/Home/Admin/js/H-ui.admin.js
ERR: 非法操作:js

[ 2016-11-04T19:41:15+08:00 ] ::1 /music/index.php/Home/Admin/assets/layer/layer.js
ERR: 非法操作:assets

[ 2016-11-04T19:41:15+08:00 ] ::1 /music/index.php/Home/Admin/assets/laydate/laydate.js
ERR: 非法操作:assets

[ 2016-11-04T19:41:15+08:00 ] ::1 /music/index.php/Home/Admin/assets/js/bootstrap.min.js
ERR: 非法操作:assets

[ 2016-11-04T19:41:15+08:00 ] ::1 /music/index.php/Home/Admin/assets/js/typeahead-bs2.min.js
ERR: 非法操作:assets

[ 2016-11-04T19:41:15+08:00 ] ::1 /music/index.php/Home/Admin/assets/js/jquery.dataTables.min.js
ERR: 非法操作:assets

[ 2016-11-04T19:41:16+08:00 ] ::1 /music/index.php/Home/Admin/assets/js/jquery.dataTables.bootstrap.js
ERR: 非法操作:assets

[ 2016-11-04T19:41:16+08:00 ] ::1 /music/index.php/Home/Admin/js/H-ui.js
ERR: 非法操作:js

[ 2016-11-04T19:41:16+08:00 ] ::1 /music/index.php/Home/Admin/js/H-ui.admin.js
ERR: 非法操作:js

[ 2016-11-04T19:41:16+08:00 ] ::1 /music/index.php/Home/Admin/assets/layer/layer.js
ERR: 非法操作:assets

[ 2016-11-04T19:41:16+08:00 ] ::1 /music/index.php/Home/Admin/assets/laydate/laydate.js
ERR: 非法操作:assets

[ 2016-11-04T19:56:02+08:00 ] ::1 /music/index.php/Home/Comment/index.html
ERR: 无法加载控制器:Comment

[ 2016-11-04T19:56:04+08:00 ] ::1 /music/index.php/Home/Comment/talk.html
ERR: 无法加载控制器:Comment

[ 2016-11-04T20:27:26+08:00 ] ::1 /music/index.php/Home/Admin/index.html
ERR: Think\Model:relation方法不存在！

[ 2016-11-04T20:28:09+08:00 ] ::1 /music/index.php/Home/Admin/index.html
ERR: Think\Model:relation方法不存在！

[ 2016-11-04T20:29:30+08:00 ] ::1 /music/index.php/Home/Admin/index.html
ERR: 1146:Table 'music.group' doesn't exist
 [ SQL语句 ] : SHOW COLUMNS FROM `group`

[ 2016-11-04T20:30:00+08:00 ] ::1 /music/index.php/Home/Admin/index.html
ERR: 1146:Table 'music.group' doesn't exist
 [ SQL语句 ] : SHOW COLUMNS FROM `group`

[ 2016-11-04T20:30:33+08:00 ] ::1 /music/index.php/Home/Admin/index.html
ERR: 1054:Unknown column 'a.groupId' in 'where clause'
 [ SQL语句 ] : SELECT b.* FROM Auth_group_access AS a, auth_group AS b WHERE a.groupId = b.id AND a. adminId='1'

[ 2016-11-04T20:31:16+08:00 ] ::1 /music/index.php/Home/Admin/index.html
ERR: 1054:Unknown column 'a.adminId' in 'where clause'
 [ SQL语句 ] : SELECT b.* FROM Auth_group_access AS a, auth_group AS b WHERE a.uId = b.id AND a. adminId='1'

[ 2016-11-04T21:36:24+08:00 ] ::1 /music/index.php/Home/Admin/index.html
ERR: 1054:Unknown column 'groups' in 'field list'
 [ SQL语句 ] : SELECT `groups` FROM `admin` ORDER BY id asc LIMIT 0,5  

