[ 2016-11-25T16:45:40+08:00 ] ::1 /music/index.php/Home
INFO: [ app_init ] --START--
INFO: Run Behavior\BuildLiteBehavior [ RunTime:0.000000s ]
INFO: [ app_init ] --END-- [ RunTime:0.001000s ]
INFO: [ app_begin ] --START--
INFO: Run Behavior\ReadHtmlCacheBehavior [ RunTime:0.000000s ]
INFO: [ app_begin ] --END-- [ RunTime:0.001000s ]
SQL: SHOW COLUMNS FROM `auth_group_access` [ RunTime:0.0180s ]
SQL: SELECT `uid`,`group_id`,`title`,`rules` FROM auth_group_access a INNER JOIN auth_group g on a.group_id=g.id  WHERE ( a.uid='' and g.status='1' )  [ RunTime:0.0270s ]
INFO: [ view_parse ] --START--
INFO: [ template_filter ] --START--
INFO: Run Behavior\ContentReplaceBehavior [ RunTime:0.000000s ]
INFO: [ template_filter ] --END-- [ RunTime:0.001000s ]
INFO: Run Behavior\ParseTemplateBehavior [ RunTime:0.032000s ]
INFO: [ view_parse ] --END-- [ RunTime:0.033000s ]
INFO: [ view_filter ] --START--
INFO: Run Behavior\WriteHtmlCacheBehavior [ RunTime:0.001000s ]
INFO: [ view_filter ] --END-- [ RunTime:0.001000s ]

[ 2016-11-25T16:45:42+08:00 ] ::1 /music/index.php/Home/Login/index
INFO: [ app_init ] --START--
INFO: Run Behavior\BuildLiteBehavior [ RunTime:0.000000s ]
INFO: [ app_init ] --END-- [ RunTime:0.000000s ]
INFO: [ app_begin ] --START--
INFO: Run Behavior\ReadHtmlCacheBehavior [ RunTime:0.000000s ]
INFO: [ app_begin ] --END-- [ RunTime:0.000000s ]
INFO: [ view_parse ] --START--
INFO: [ template_filter ] --START--
INFO: Run Behavior\ContentReplaceBehavior [ RunTime:0.001000s ]
INFO: [ template_filter ] --END-- [ RunTime:0.001000s ]
INFO: Run Behavior\ParseTemplateBehavior [ RunTime:0.038000s ]
INFO: [ view_parse ] --END-- [ RunTime:0.039000s ]
INFO: [ view_filter ] --START--
INFO: Run Behavior\WriteHtmlCacheBehavior [ RunTime:0.001000s ]
INFO: [ view_filter ] --END-- [ RunTime:0.001000s ]
INFO: [ app_end ] --START--
INFO: Run Behavior\ShowPageTraceBehavior [ RunTime:0.001000s ]
INFO: [ app_end ] --END-- [ RunTime:0.001000s ]

[ 2016-11-25T16:45:42+08:00 ] ::1 /music/index.php/Home/Common/verify.html
INFO: [ app_init ] --START--
INFO: Run Behavior\BuildLiteBehavior [ RunTime:0.000000s ]
INFO: [ app_init ] --END-- [ RunTime:0.000000s ]
INFO: [ app_begin ] --START--
INFO: Run Behavior\ReadHtmlCacheBehavior [ RunTime:0.000000s ]
INFO: [ app_begin ] --END-- [ RunTime:0.000000s ]
INFO: [ app_end ] --START--
INFO: Run Behavior\ShowPageTraceBehavior [ RunTime:0.000000s ]
INFO: [ app_end ] --END-- [ RunTime:0.000000s ]

[ 2016-11-25T16:45:48+08:00 ] ::1 /music/index.php/Home/Login/isLogin.html
INFO: [ app_init ] --START--
INFO: Run Behavior\BuildLiteBehavior [ RunTime:0.000000s ]
INFO: [ app_init ] --END-- [ RunTime:0.000000s ]
INFO: [ app_begin ] --START--
INFO: Run Behavior\ReadHtmlCacheBehavior [ RunTime:0.000000s ]
INFO: [ app_begin ] --END-- [ RunTime:0.001000s ]
SQL: SHOW COLUMNS FROM `admin` [ RunTime:0.0280s ]
NOTIC: [2] addslashes() expects parameter 1 to be string, array given F:\wamp64\www\music\ThinkPHP\Library\Think\Db\Driver.class.php 第 1031 行.
NOTIC: [2] addslashes() expects parameter 1 to be string, array given F:\wamp64\www\music\ThinkPHP\Library\Think\Db\Driver.class.php 第 1031 行.
SQL: SELECT * FROM `admin` WHERE `username` = '' AND `password` = '' LIMIT 1   [ RunTime:0.0100s ]
INFO: [ view_parse ] --START--
INFO: [ template_filter ] --START--
INFO: Run Behavior\ContentReplaceBehavior [ RunTime:0.000000s ]
INFO: [ template_filter ] --END-- [ RunTime:0.000000s ]
INFO: Run Behavior\ParseTemplateBehavior [ RunTime:0.010000s ]
INFO: [ view_parse ] --END-- [ RunTime:0.010000s ]
INFO: [ view_filter ] --START--
INFO: Run Behavior\WriteHtmlCacheBehavior [ RunTime:0.000000s ]
INFO: [ view_filter ] --END-- [ RunTime:0.000000s ]
INFO: [ app_end ] --START--
INFO: Run Behavior\ShowPageTraceBehavior [ RunTime:0.000000s ]
INFO: [ app_end ] --END-- [ RunTime:0.000000s ]

[ 2016-11-25T16:45:49+08:00 ] ::1 /music/index.php/Home/Index/index.html
INFO: [ app_init ] --START--
INFO: Run Behavior\BuildLiteBehavior [ RunTime:0.000000s ]
INFO: [ app_init ] --END-- [ RunTime:0.000000s ]
INFO: [ app_begin ] --START--
INFO: Run Behavior\ReadHtmlCacheBehavior [ RunTime:0.000000s ]
INFO: [ app_begin ] --END-- [ RunTime:0.000000s ]
INFO: [ view_parse ] --START--
INFO: [ template_filter ] --START--
INFO: Run Behavior\ContentReplaceBehavior [ RunTime:0.000000s ]
INFO: [ template_filter ] --END-- [ RunTime:0.000000s ]
INFO: Run Behavior\ParseTemplateBehavior [ RunTime:0.046000s ]
INFO: [ view_parse ] --END-- [ RunTime:0.046000s ]
INFO: [ view_filter ] --START--
INFO: Run Behavior\WriteHtmlCacheBehavior [ RunTime:0.000000s ]
INFO: [ view_filter ] --END-- [ RunTime:0.000000s ]
INFO: [ app_end ] --START--
INFO: Run Behavior\ShowPageTraceBehavior [ RunTime:0.000000s ]
INFO: [ app_end ] --END-- [ RunTime:0.001000s ]

[ 2016-11-25T16:45:49+08:00 ] ::1 /music/index.php/Home/Index/home.html
INFO: [ app_init ] --START--
INFO: Run Behavior\BuildLiteBehavior [ RunTime:0.001000s ]
INFO: [ app_init ] --END-- [ RunTime:0.001000s ]
INFO: [ app_begin ] --START--
INFO: Run Behavior\ReadHtmlCacheBehavior [ RunTime:0.000000s ]
INFO: [ app_begin ] --END-- [ RunTime:0.001000s ]
INFO: [ view_parse ] --START--
INFO: [ template_filter ] --START--
INFO: Run Behavior\ContentReplaceBehavior [ RunTime:0.000000s ]
INFO: [ template_filter ] --END-- [ RunTime:0.000000s ]
INFO: Run Behavior\ParseTemplateBehavior [ RunTime:0.015000s ]
INFO: [ view_parse ] --END-- [ RunTime:0.016000s ]
INFO: [ view_filter ] --START--
INFO: Run Behavior\WriteHtmlCacheBehavior [ RunTime:0.000000s ]
INFO: [ view_filter ] --END-- [ RunTime:0.000000s ]
INFO: [ app_end ] --START--
INFO: Run Behavior\ShowPageTraceBehavior [ RunTime:0.001000s ]
INFO: [ app_end ] --END-- [ RunTime:0.001000s ]

[ 2016-11-25T16:45:58+08:00 ] ::1 /music/index.php/Home/Rank/index.html
INFO: [ app_init ] --START--
INFO: Run Behavior\BuildLiteBehavior [ RunTime:0.000000s ]
INFO: [ app_init ] --END-- [ RunTime:0.001000s ]
INFO: [ app_begin ] --START--
INFO: Run Behavior\ReadHtmlCacheBehavior [ RunTime:0.001000s ]
INFO: [ app_begin ] --END-- [ RunTime:0.001000s ]
SQL: SHOW COLUMNS FROM `rank` [ RunTime:0.0010s ]
SQL: SELECT * FROM `rank`  [ RunTime:0.0000s ]
INFO: [ view_parse ] --START--
INFO: [ template_filter ] --START--
INFO: Run Behavior\ContentReplaceBehavior [ RunTime:0.000000s ]
INFO: [ template_filter ] --END-- [ RunTime:0.000000s ]
INFO: Run Behavior\ParseTemplateBehavior [ RunTime:0.095000s ]
INFO: [ view_parse ] --END-- [ RunTime:0.095000s ]
INFO: [ view_filter ] --START--
INFO: Run Behavior\WriteHtmlCacheBehavior [ RunTime:0.000000s ]
INFO: [ view_filter ] --END-- [ RunTime:0.000000s ]
INFO: [ app_end ] --START--
INFO: Run Behavior\ShowPageTraceBehavior [ RunTime:0.000000s ]
INFO: [ app_end ] --END-- [ RunTime:0.000000s ]

[ 2016-11-25T16:46:32+08:00 ] ::1 /music/index.php/Home/Admin/index.html
INFO: [ app_init ] --START--
INFO: Run Behavior\BuildLiteBehavior [ RunTime:0.000000s ]
INFO: [ app_init ] --END-- [ RunTime:0.000000s ]
INFO: [ app_begin ] --START--
INFO: Run Behavior\ReadHtmlCacheBehavior [ RunTime:0.000000s ]
INFO: [ app_begin ] --END-- [ RunTime:0.000000s ]
SQL: SHOW COLUMNS FROM `admin` [ RunTime:0.0010s ]
SQL: SELECT COUNT(*) AS tp_count FROM `admin` LIMIT 1   [ RunTime:0.0000s ]
SQL: SELECT * FROM `admin` ORDER BY id asc LIMIT 0,5   [ RunTime:0.0010s ]
SQL: SHOW COLUMNS FROM `auth_group` [ RunTime:0.0010s ]
NOTIC: [8] Undefined index: mapping_order F:\wamp64\www\music\ThinkPHP\Library\Think\Model\RelationModel.class.php 第 186 行.
NOTIC: [8] Undefined index: mapping_limit F:\wamp64\www\music\ThinkPHP\Library\Think\Model\RelationModel.class.php 第 187 行.
SQL: SELECT b.title FROM Auth_group_access AS a, auth_group AS b WHERE a.group_id = b.id AND a. uid='1' [ RunTime:0.0010s ]
NOTIC: [8] Undefined index: mapping_order F:\wamp64\www\music\ThinkPHP\Library\Think\Model\RelationModel.class.php 第 186 行.
NOTIC: [8] Undefined index: mapping_limit F:\wamp64\www\music\ThinkPHP\Library\Think\Model\RelationModel.class.php 第 187 行.
SQL: SELECT b.title FROM Auth_group_access AS a, auth_group AS b WHERE a.group_id = b.id AND a. uid='2' [ RunTime:0.0000s ]
NOTIC: [8] Undefined index: mapping_order F:\wamp64\www\music\ThinkPHP\Library\Think\Model\RelationModel.class.php 第 186 行.
NOTIC: [8] Undefined index: mapping_limit F:\wamp64\www\music\ThinkPHP\Library\Think\Model\RelationModel.class.php 第 187 行.
SQL: SELECT b.title FROM Auth_group_access AS a, auth_group AS b WHERE a.group_id = b.id AND a. uid='3' [ RunTime:0.0000s ]
NOTIC: [8] Undefined index: mapping_order F:\wamp64\www\music\ThinkPHP\Library\Think\Model\RelationModel.class.php 第 186 行.
NOTIC: [8] Undefined index: mapping_limit F:\wamp64\www\music\ThinkPHP\Library\Think\Model\RelationModel.class.php 第 187 行.
SQL: SELECT b.title FROM Auth_group_access AS a, auth_group AS b WHERE a.group_id = b.id AND a. uid='4' [ RunTime:0.0000s ]
NOTIC: [8] Undefined index: mapping_order F:\wamp64\www\music\ThinkPHP\Library\Think\Model\RelationModel.class.php 第 186 行.
NOTIC: [8] Undefined index: mapping_limit F:\wamp64\www\music\ThinkPHP\Library\Think\Model\RelationModel.class.php 第 187 行.
SQL: SELECT b.title FROM Auth_group_access AS a, auth_group AS b WHERE a.group_id = b.id AND a. uid='5' [ RunTime:0.0000s ]
NOTIC: [8] Undefined variable: arr1 F:\wamp64\www\music\Application\Music\Home\Controller\AdminController.class.php 第 27 行.
NOTIC: [8] Undefined variable: arr1 F:\wamp64\www\music\Application\Music\Home\Controller\AdminController.class.php 第 27 行.
NOTIC: [8] Undefined variable: arr1 F:\wamp64\www\music\Application\Music\Home\Controller\AdminController.class.php 第 29 行.
NOTIC: [8] Undefined variable: arr1 F:\wamp64\www\music\Application\Music\Home\Controller\AdminController.class.php 第 29 行.
NOTIC: [8] Undefined variable: arr1 F:\wamp64\www\music\Application\Music\Home\Controller\AdminController.class.php 第 27 行.
INFO: [ view_parse ] --START--
INFO: [ template_filter ] --START--
INFO: Run Behavior\ContentReplaceBehavior [ RunTime:0.001000s ]
INFO: [ template_filter ] --END-- [ RunTime:0.001000s ]
INFO: Run Behavior\ParseTemplateBehavior [ RunTime:0.041000s ]
INFO: [ view_parse ] --END-- [ RunTime:0.041000s ]
INFO: [ view_filter ] --START--
INFO: Run Behavior\WriteHtmlCacheBehavior [ RunTime:0.000000s ]
INFO: [ view_filter ] --END-- [ RunTime:0.000000s ]
INFO: [ app_end ] --START--
INFO: Run Behavior\ShowPageTraceBehavior [ RunTime:0.000000s ]
INFO: [ app_end ] --END-- [ RunTime:0.000000s ]

[ 2016-11-25T16:47:14+08:00 ] ::1 /music/index.php/Home/Index/index.html
INFO: [ app_init ] --START--
INFO: Run Behavior\BuildLiteBehavior [ RunTime:0.000000s ]
INFO: [ app_init ] --END-- [ RunTime:0.001000s ]
INFO: [ app_begin ] --START--
INFO: Run Behavior\ReadHtmlCacheBehavior [ RunTime:0.000000s ]
INFO: [ app_begin ] --END-- [ RunTime:0.000000s ]
INFO: [ view_parse ] --START--
INFO: [ template_filter ] --START--
INFO: Run Behavior\ContentReplaceBehavior [ RunTime:0.000000s ]
INFO: [ template_filter ] --END-- [ RunTime:0.000000s ]
INFO: Run Behavior\ParseTemplateBehavior [ RunTime:0.028000s ]
INFO: [ view_parse ] --END-- [ RunTime:0.029000s ]
INFO: [ view_filter ] --START--
INFO: Run Behavior\WriteHtmlCacheBehavior [ RunTime:0.001000s ]
INFO: [ view_filter ] --END-- [ RunTime:0.001000s ]
INFO: [ app_end ] --START--
INFO: Run Behavior\ShowPageTraceBehavior [ RunTime:0.000000s ]
INFO: [ app_end ] --END-- [ RunTime:0.001000s ]

[ 2016-11-25T16:47:14+08:00 ] ::1 /music/index.php/Home/Index/home.html
INFO: [ app_init ] --START--
INFO: Run Behavior\BuildLiteBehavior [ RunTime:0.000000s ]
INFO: [ app_init ] --END-- [ RunTime:0.000000s ]
INFO: [ app_begin ] --START--
INFO: Run Behavior\ReadHtmlCacheBehavior [ RunTime:0.000000s ]
INFO: [ app_begin ] --END-- [ RunTime:0.000000s ]
INFO: [ view_parse ] --START--
INFO: [ template_filter ] --START--
INFO: Run Behavior\ContentReplaceBehavior [ RunTime:0.000000s ]
INFO: [ template_filter ] --END-- [ RunTime:0.000000s ]
INFO: Run Behavior\ParseTemplateBehavior [ RunTime:0.011000s ]
INFO: [ view_parse ] --END-- [ RunTime:0.011000s ]
INFO: [ view_filter ] --START--
INFO: Run Behavior\WriteHtmlCacheBehavior [ RunTime:0.000000s ]
INFO: [ view_filter ] --END-- [ RunTime:0.000000s ]
INFO: [ app_end ] --START--
INFO: Run Behavior\ShowPageTraceBehavior [ RunTime:0.000000s ]
INFO: [ app_end ] --END-- [ RunTime:0.000000s ]

[ 2016-11-25T16:47:19+08:00 ] ::1 /music/index.php/Home/Admin/index.html
INFO: [ app_init ] --START--
INFO: Run Behavior\BuildLiteBehavior [ RunTime:0.000000s ]
INFO: [ app_init ] --END-- [ RunTime:0.000000s ]
INFO: [ app_begin ] --START--
INFO: Run Behavior\ReadHtmlCacheBehavior [ RunTime:0.001000s ]
INFO: [ app_begin ] --END-- [ RunTime:0.001000s ]
SQL: SHOW COLUMNS FROM `admin` [ RunTime:0.0010s ]
SQL: SELECT COUNT(*) AS tp_count FROM `admin` LIMIT 1   [ RunTime:0.0000s ]
SQL: SELECT * FROM `admin` ORDER BY id asc LIMIT 0,5   [ RunTime:0.0010s ]
SQL: SHOW COLUMNS FROM `auth_group` [ RunTime:0.0020s ]
NOTIC: [8] Undefined index: mapping_order F:\wamp64\www\music\ThinkPHP\Library\Think\Model\RelationModel.class.php 第 186 行.
NOTIC: [8] Undefined index: mapping_limit F:\wamp64\www\music\ThinkPHP\Library\Think\Model\RelationModel.class.php 第 187 行.
SQL: SELECT b.title FROM Auth_group_access AS a, auth_group AS b WHERE a.group_id = b.id AND a. uid='1' [ RunTime:0.0010s ]
NOTIC: [8] Undefined index: mapping_order F:\wamp64\www\music\ThinkPHP\Library\Think\Model\RelationModel.class.php 第 186 行.
NOTIC: [8] Undefined index: mapping_limit F:\wamp64\www\music\ThinkPHP\Library\Think\Model\RelationModel.class.php 第 187 行.
SQL: SELECT b.title FROM Auth_group_access AS a, auth_group AS b WHERE a.group_id = b.id AND a. uid='2' [ RunTime:0.0010s ]
NOTIC: [8] Undefined index: mapping_order F:\wamp64\www\music\ThinkPHP\Library\Think\Model\RelationModel.class.php 第 186 行.
NOTIC: [8] Undefined index: mapping_limit F:\wamp64\www\music\ThinkPHP\Library\Think\Model\RelationModel.class.php 第 187 行.
SQL: SELECT b.title FROM Auth_group_access AS a, auth_group AS b WHERE a.group_id = b.id AND a. uid='3' [ RunTime:0.0000s ]
NOTIC: [8] Undefined index: mapping_order F:\wamp64\www\music\ThinkPHP\Library\Think\Model\RelationModel.class.php 第 186 行.
NOTIC: [8] Undefined index: mapping_limit F:\wamp64\www\music\ThinkPHP\Library\Think\Model\RelationModel.class.php 第 187 行.
SQL: SELECT b.title FROM Auth_group_access AS a, auth_group AS b WHERE a.group_id = b.id AND a. uid='4' [ RunTime:0.0010s ]
NOTIC: [8] Undefined index: mapping_order F:\wamp64\www\music\ThinkPHP\Library\Think\Model\RelationModel.class.php 第 186 行.
NOTIC: [8] Undefined index: mapping_limit F:\wamp64\www\music\ThinkPHP\Library\Think\Model\RelationModel.class.php 第 187 行.
SQL: SELECT b.title FROM Auth_group_access AS a, auth_group AS b WHERE a.group_id = b.id AND a. uid='5' [ RunTime:0.0000s ]
NOTIC: [8] Undefined variable: arr1 F:\wamp64\www\music\Application\Music\Home\Controller\AdminController.class.php 第 27 行.
NOTIC: [8] Undefined variable: arr1 F:\wamp64\www\music\Application\Music\Home\Controller\AdminController.class.php 第 27 行.
NOTIC: [8] Undefined variable: arr1 F:\wamp64\www\music\Application\Music\Home\Controller\AdminController.class.php 第 29 行.
NOTIC: [8] Undefined variable: arr1 F:\wamp64\www\music\Application\Music\Home\Controller\AdminController.class.php 第 29 行.
NOTIC: [8] Undefined variable: arr1 F:\wamp64\www\music\Application\Music\Home\Controller\AdminController.class.php 第 27 行.
INFO: [ app_end ] --START--
INFO: Run Behavior\ShowPageTraceBehavior [ RunTime:0.000000s ]
INFO: [ app_end ] --END-- [ RunTime:0.000000s ]

[ 2016-11-25T16:47:45+08:00 ] ::1 /music/index.php/Home/Index/index.html
INFO: [ app_init ] --START--
INFO: Run Behavior\BuildLiteBehavior [ RunTime:0.000000s ]
INFO: [ app_init ] --END-- [ RunTime:0.000000s ]
INFO: [ app_begin ] --START--
INFO: Run Behavior\ReadHtmlCacheBehavior [ RunTime:0.000000s ]
INFO: [ app_begin ] --END-- [ RunTime:0.000000s ]
INFO: [ view_parse ] --START--
INFO: [ template_filter ] --START--
INFO: Run Behavior\ContentReplaceBehavior [ RunTime:0.000000s ]
INFO: [ template_filter ] --END-- [ RunTime:0.001000s ]
INFO: Run Behavior\ParseTemplateBehavior [ RunTime:0.019000s ]
INFO: [ view_parse ] --END-- [ RunTime:0.019000s ]
INFO: [ view_filter ] --START--
INFO: Run Behavior\WriteHtmlCacheBehavior [ RunTime:0.000000s ]
INFO: [ view_filter ] --END-- [ RunTime:0.000000s ]
INFO: [ app_end ] --START--
INFO: Run Behavior\ShowPageTraceBehavior [ RunTime:0.000000s ]
INFO: [ app_end ] --END-- [ RunTime:0.001000s ]

[ 2016-11-25T16:47:45+08:00 ] ::1 /music/index.php/Home/Index/home.html
INFO: [ app_init ] --START--
INFO: Run Behavior\BuildLiteBehavior [ RunTime:0.000000s ]
INFO: [ app_init ] --END-- [ RunTime:0.000000s ]
INFO: [ app_begin ] --START--
INFO: Run Behavior\ReadHtmlCacheBehavior [ RunTime:0.000000s ]
INFO: [ app_begin ] --END-- [ RunTime:0.000000s ]
INFO: [ view_parse ] --START--
INFO: [ template_filter ] --START--
INFO: Run Behavior\ContentReplaceBehavior [ RunTime:0.000000s ]
INFO: [ template_filter ] --END-- [ RunTime:0.001000s ]
INFO: Run Behavior\ParseTemplateBehavior [ RunTime:0.011000s ]
INFO: [ view_parse ] --END-- [ RunTime:0.011000s ]
INFO: [ view_filter ] --START--
INFO: Run Behavior\WriteHtmlCacheBehavior [ RunTime:0.000000s ]
INFO: [ view_filter ] --END-- [ RunTime:0.001000s ]
INFO: [ app_end ] --START--
INFO: Run Behavior\ShowPageTraceBehavior [ RunTime:0.000000s ]
INFO: [ app_end ] --END-- [ RunTime:0.000000s ]

[ 2016-11-25T16:47:46+08:00 ] ::1 /music/index.php/Home/Admin/index.html
INFO: [ app_init ] --START--
INFO: Run Behavior\BuildLiteBehavior [ RunTime:0.000000s ]
INFO: [ app_init ] --END-- [ RunTime:0.000000s ]
INFO: [ app_begin ] --START--
INFO: Run Behavior\ReadHtmlCacheBehavior [ RunTime:0.001000s ]
INFO: [ app_begin ] --END-- [ RunTime:0.001000s ]
SQL: SHOW COLUMNS FROM `admin` [ RunTime:0.0010s ]
SQL: SELECT COUNT(*) AS tp_count FROM `admin` LIMIT 1   [ RunTime:0.0010s ]
SQL: SELECT * FROM `admin` ORDER BY id asc LIMIT 0,5   [ RunTime:0.0010s ]
SQL: SHOW COLUMNS FROM `auth_group` [ RunTime:0.0020s ]
NOTIC: [8] Undefined index: mapping_order F:\wamp64\www\music\ThinkPHP\Library\Think\Model\RelationModel.class.php 第 186 行.
NOTIC: [8] Undefined index: mapping_limit F:\wamp64\www\music\ThinkPHP\Library\Think\Model\RelationModel.class.php 第 187 行.
SQL: SELECT b.title FROM Auth_group_access AS a, auth_group AS b WHERE a.group_id = b.id AND a. uid='1' [ RunTime:0.0010s ]
NOTIC: [8] Undefined index: mapping_order F:\wamp64\www\music\ThinkPHP\Library\Think\Model\RelationModel.class.php 第 186 行.
NOTIC: [8] Undefined index: mapping_limit F:\wamp64\www\music\ThinkPHP\Library\Think\Model\RelationModel.class.php 第 187 行.
SQL: SELECT b.title FROM Auth_group_access AS a, auth_group AS b WHERE a.group_id = b.id AND a. uid='2' [ RunTime:0.0000s ]
NOTIC: [8] Undefined index: mapping_order F:\wamp64\www\music\ThinkPHP\Library\Think\Model\RelationModel.class.php 第 186 行.
NOTIC: [8] Undefined index: mapping_limit F:\wamp64\www\music\ThinkPHP\Library\Think\Model\RelationModel.class.php 第 187 行.
SQL: SELECT b.title FROM Auth_group_access AS a, auth_group AS b WHERE a.group_id = b.id AND a. uid='3' [ RunTime:0.0000s ]
NOTIC: [8] Undefined index: mapping_order F:\wamp64\www\music\ThinkPHP\Library\Think\Model\RelationModel.class.php 第 186 行.
NOTIC: [8] Undefined index: mapping_limit F:\wamp64\www\music\ThinkPHP\Library\Think\Model\RelationModel.class.php 第 187 行.
SQL: SELECT b.title FROM Auth_group_access AS a, auth_group AS b WHERE a.group_id = b.id AND a. uid='4' [ RunTime:0.0000s ]
NOTIC: [8] Undefined index: mapping_order F:\wamp64\www\music\ThinkPHP\Library\Think\Model\RelationModel.class.php 第 186 行.
NOTIC: [8] Undefined index: mapping_limit F:\wamp64\www\music\ThinkPHP\Library\Think\Model\RelationModel.class.php 第 187 行.
SQL: SELECT b.title FROM Auth_group_access AS a, auth_group AS b WHERE a.group_id = b.id AND a. uid='5' [ RunTime:0.0010s ]
NOTIC: [8] Undefined variable: arr1 F:\wamp64\www\music\Application\Music\Home\Controller\AdminController.class.php 第 28 行.
NOTIC: [8] Undefined variable: arr1 F:\wamp64\www\music\Application\Music\Home\Controller\AdminController.class.php 第 28 行.
NOTIC: [8] Undefined variable: arr1 F:\wamp64\www\music\Application\Music\Home\Controller\AdminController.class.php 第 30 行.
NOTIC: [8] Undefined variable: arr1 F:\wamp64\www\music\Application\Music\Home\Controller\AdminController.class.php 第 30 行.
NOTIC: [8] Undefined variable: arr1 F:\wamp64\www\music\Application\Music\Home\Controller\AdminController.class.php 第 28 行.
INFO: [ app_end ] --START--
INFO: Run Behavior\ShowPageTraceBehavior [ RunTime:0.000000s ]
INFO: [ app_end ] --END-- [ RunTime:0.000000s ]

[ 2016-11-25T16:48:45+08:00 ] ::1 /music/index.php/Home/Index/index.html
INFO: [ app_init ] --START--
INFO: Run Behavior\BuildLiteBehavior [ RunTime:0.000000s ]
INFO: [ app_init ] --END-- [ RunTime:0.000000s ]
INFO: [ app_begin ] --START--
INFO: Run Behavior\ReadHtmlCacheBehavior [ RunTime:0.000000s ]
INFO: [ app_begin ] --END-- [ RunTime:0.001000s ]
INFO: [ view_parse ] --START--
INFO: [ template_filter ] --START--
INFO: Run Behavior\ContentReplaceBehavior [ RunTime:0.000000s ]
INFO: [ template_filter ] --END-- [ RunTime:0.000000s ]
INFO: Run Behavior\ParseTemplateBehavior [ RunTime:0.030000s ]
INFO: [ view_parse ] --END-- [ RunTime:0.030000s ]
INFO: [ view_filter ] --START--
INFO: Run Behavior\WriteHtmlCacheBehavior [ RunTime:0.000000s ]
INFO: [ view_filter ] --END-- [ RunTime:0.000000s ]
INFO: [ app_end ] --START--
INFO: Run Behavior\ShowPageTraceBehavior [ RunTime:0.000000s ]
INFO: [ app_end ] --END-- [ RunTime:0.000000s ]

[ 2016-11-25T16:48:45+08:00 ] ::1 /music/index.php/Home/Index/home.html
INFO: [ app_init ] --START--
INFO: Run Behavior\BuildLiteBehavior [ RunTime:0.000000s ]
INFO: [ app_init ] --END-- [ RunTime:0.000000s ]
INFO: [ app_begin ] --START--
INFO: Run Behavior\ReadHtmlCacheBehavior [ RunTime:0.000000s ]
INFO: [ app_begin ] --END-- [ RunTime:0.000000s ]
INFO: [ view_parse ] --START--
INFO: [ template_filter ] --START--
INFO: Run Behavior\ContentReplaceBehavior [ RunTime:0.000000s ]
INFO: [ template_filter ] --END-- [ RunTime:0.000000s ]
INFO: Run Behavior\ParseTemplateBehavior [ RunTime:0.005000s ]
INFO: [ view_parse ] --END-- [ RunTime:0.005000s ]
INFO: [ view_filter ] --START--
INFO: Run Behavior\WriteHtmlCacheBehavior [ RunTime:0.001000s ]
INFO: [ view_filter ] --END-- [ RunTime:0.001000s ]
INFO: [ app_end ] --START--
INFO: Run Behavior\ShowPageTraceBehavior [ RunTime:0.000000s ]
INFO: [ app_end ] --END-- [ RunTime:0.000000s ]

[ 2016-11-25T16:48:46+08:00 ] ::1 /music/index.php/Home/Admin/index.html
INFO: [ app_init ] --START--
INFO: Run Behavior\BuildLiteBehavior [ RunTime:0.000000s ]
INFO: [ app_init ] --END-- [ RunTime:0.000000s ]
INFO: [ app_begin ] --START--
INFO: Run Behavior\ReadHtmlCacheBehavior [ RunTime:0.000000s ]
INFO: [ app_begin ] --END-- [ RunTime:0.001000s ]
SQL: SHOW COLUMNS FROM `admin` [ RunTime:0.0010s ]
SQL: SELECT COUNT(*) AS tp_count FROM `admin` LIMIT 1   [ RunTime:0.0000s ]
SQL: SELECT * FROM `admin` ORDER BY id asc LIMIT 1   [ RunTime:0.0000s ]
SQL: SHOW COLUMNS FROM `auth_group` [ RunTime:0.0010s ]
NOTIC: [8] Undefined index: mapping_order F:\wamp64\www\music\ThinkPHP\Library\Think\Model\RelationModel.class.php 第 186 行.
NOTIC: [8] Undefined index: mapping_limit F:\wamp64\www\music\ThinkPHP\Library\Think\Model\RelationModel.class.php 第 187 行.
SQL: SELECT b.title FROM Auth_group_access AS a, auth_group AS b WHERE a.group_id = b.id AND a. uid='1' [ RunTime:0.0010s ]
NOTIC: [2] Illegal string offset 'groups' F:\wamp64\www\music\Application\Music\Home\Controller\AdminController.class.php 第 23 行.
NOTIC: [2] Illegal string offset 'groups' F:\wamp64\www\music\Application\Music\Home\Controller\AdminController.class.php 第 23 行.
NOTIC: [2] Illegal string offset 'groups' F:\wamp64\www\music\Application\Music\Home\Controller\AdminController.class.php 第 23 行.
NOTIC: [2] Illegal string offset 'groups' F:\wamp64\www\music\Application\Music\Home\Controller\AdminController.class.php 第 23 行.
NOTIC: [2] Illegal string offset 'groups' F:\wamp64\www\music\Application\Music\Home\Controller\AdminController.class.php 第 23 行.
NOTIC: [2] Illegal string offset 'groups' F:\wamp64\www\music\Application\Music\Home\Controller\AdminController.class.php 第 23 行.
NOTIC: [2] Illegal string offset 'groups' F:\wamp64\www\music\Application\Music\Home\Controller\AdminController.class.php 第 23 行.
NOTIC: [2] Illegal string offset 'groups' F:\wamp64\www\music\Application\Music\Home\Controller\AdminController.class.php 第 23 行.
NOTIC: [2] Illegal string offset 'groups' F:\wamp64\www\music\Application\Music\Home\Controller\AdminController.class.php 第 23 行.
NOTIC: [2] Illegal string offset 'groups' F:\wamp64\www\music\Application\Music\Home\Controller\AdminController.class.php 第 23 行.
NOTIC: [2] Illegal string offset 'groups' F:\wamp64\www\music\Application\Music\Home\Controller\AdminController.class.php 第 23 行.
NOTIC: [2] Illegal string offset 'groups' F:\wamp64\www\music\Application\Music\Home\Controller\AdminController.class.php 第 23 行.
NOTIC: [2] Illegal string offset 'groups' F:\wamp64\www\music\Application\Music\Home\Controller\AdminController.class.php 第 23 行.
NOTIC: [2] Illegal string offset 'groups' F:\wamp64\www\music\Application\Music\Home\Controller\AdminController.class.php 第 23 行.
NOTIC: [2] Illegal string offset 'groups' F:\wamp64\www\music\Application\Music\Home\Controller\AdminController.class.php 第 23 行.
NOTIC: [8] Undefined index: groups F:\wamp64\www\music\Application\Music\Home\Controller\AdminController.class.php 第 23 行.
NOTIC: [2] Invalid argument supplied for foreach() F:\wamp64\www\music\Application\Music\Home\Controller\AdminController.class.php 第 27 行.
NOTIC: [8] Undefined variable: arr1 F:\wamp64\www\music\Application\Music\Home\Controller\AdminController.class.php 第 30 行.
NOTIC: [2] Invalid argument supplied for foreach() F:\wamp64\www\music\Application\Music\Home\Controller\AdminController.class.php 第 27 行.
NOTIC: [8] Undefined variable: arr1 F:\wamp64\www\music\Application\Music\Home\Controller\AdminController.class.php 第 30 行.
NOTIC: [2] Invalid argument supplied for foreach() F:\wamp64\www\music\Application\Music\Home\Controller\AdminController.class.php 第 27 行.
NOTIC: [8] Undefined variable: arr1 F:\wamp64\www\music\Application\Music\Home\Controller\AdminController.class.php 第 30 行.
NOTIC: [2] Invalid argument supplied for foreach() F:\wamp64\www\music\Application\Music\Home\Controller\AdminController.class.php 第 27 行.
NOTIC: [8] Undefined variable: arr1 F:\wamp64\www\music\Application\Music\Home\Controller\AdminController.class.php 第 30 行.
NOTIC: [2] Invalid argument supplied for foreach() F:\wamp64\www\music\Application\Music\Home\Controller\AdminController.class.php 第 27 行.
NOTIC: [8] Undefined variable: arr1 F:\wamp64\www\music\Application\Music\Home\Controller\AdminController.class.php 第 30 行.
NOTIC: [2] Invalid argument supplied for foreach() F:\wamp64\www\music\Application\Music\Home\Controller\AdminController.class.php 第 27 行.
NOTIC: [8] Undefined variable: arr1 F:\wamp64\www\music\Application\Music\Home\Controller\AdminController.class.php 第 30 行.
NOTIC: [2] Invalid argument supplied for foreach() F:\wamp64\www\music\Application\Music\Home\Controller\AdminController.class.php 第 27 行.
NOTIC: [8] Undefined variable: arr1 F:\wamp64\www\music\Application\Music\Home\Controller\AdminController.class.php 第 30 行.
NOTIC: [2] Invalid argument supplied for foreach() F:\wamp64\www\music\Application\Music\Home\Controller\AdminController.class.php 第 27 行.
NOTIC: [8] Undefined variable: arr1 F:\wamp64\www\music\Application\Music\Home\Controller\AdminController.class.php 第 30 行.
NOTIC: [2] Invalid argument supplied for foreach() F:\wamp64\www\music\Application\Music\Home\Controller\AdminController.class.php 第 27 行.
NOTIC: [8] Undefined variable: arr1 F:\wamp64\www\music\Application\Music\Home\Controller\AdminController.class.php 第 30 行.
NOTIC: [2] Invalid argument supplied for foreach() F:\wamp64\www\music\Application\Music\Home\Controller\AdminController.class.php 第 27 行.
NOTIC: [8] Undefined variable: arr1 F:\wamp64\www\music\Application\Music\Home\Controller\AdminController.class.php 第 30 行.
NOTIC: [2] Invalid argument supplied for foreach() F:\wamp64\www\music\Application\Music\Home\Controller\AdminController.class.php 第 27 行.
NOTIC: [8] Undefined variable: arr1 F:\wamp64\www\music\Application\Music\Home\Controller\AdminController.class.php 第 30 行.
NOTIC: [2] Invalid argument supplied for foreach() F:\wamp64\www\music\Application\Music\Home\Controller\AdminController.class.php 第 27 行.
NOTIC: [8] Undefined variable: arr1 F:\wamp64\www\music\Application\Music\Home\Controller\AdminController.class.php 第 30 行.
NOTIC: [2] Invalid argument supplied for foreach() F:\wamp64\www\music\Application\Music\Home\Controller\AdminController.class.php 第 27 行.
NOTIC: [8] Undefined variable: arr1 F:\wamp64\www\music\Application\Music\Home\Controller\AdminController.class.php 第 30 行.
NOTIC: [2] Invalid argument supplied for foreach() F:\wamp64\www\music\Application\Music\Home\Controller\AdminController.class.php 第 27 行.
NOTIC: [8] Undefined variable: arr1 F:\wamp64\www\music\Application\Music\Home\Controller\AdminController.class.php 第 30 行.
NOTIC: [2] Invalid argument supplied for foreach() F:\wamp64\www\music\Application\Music\Home\Controller\AdminController.class.php 第 27 行.
NOTIC: [8] Undefined variable: arr1 F:\wamp64\www\music\Application\Music\Home\Controller\AdminController.class.php 第 30 行.
NOTIC: [2] Invalid argument supplied for foreach() F:\wamp64\www\music\Application\Music\Home\Controller\AdminController.class.php 第 27 行.
NOTIC: [8] Undefined variable: arr1 F:\wamp64\www\music\Application\Music\Home\Controller\AdminController.class.php 第 30 行.
INFO: [ app_end ] --START--
INFO: Run Behavior\ShowPageTraceBehavior [ RunTime:0.001000s ]
INFO: [ app_end ] --END-- [ RunTime:0.001000s ]

[ 2016-11-25T16:52:50+08:00 ] ::1 /music/index.php/Home/Index/index.html
INFO: [ app_init ] --START--
INFO: Run Behavior\BuildLiteBehavior [ RunTime:0.000000s ]
INFO: [ app_init ] --END-- [ RunTime:0.000000s ]
INFO: [ app_begin ] --START--
INFO: Run Behavior\ReadHtmlCacheBehavior [ RunTime:0.001000s ]
INFO: [ app_begin ] --END-- [ RunTime:0.001000s ]
INFO: [ view_parse ] --START--
INFO: [ template_filter ] --START--
INFO: Run Behavior\ContentReplaceBehavior [ RunTime:0.001000s ]
INFO: [ template_filter ] --END-- [ RunTime:0.001000s ]
INFO: Run Behavior\ParseTemplateBehavior [ RunTime:0.028000s ]
INFO: [ view_parse ] --END-- [ RunTime:0.028000s ]
INFO: [ view_filter ] --START--
INFO: Run Behavior\WriteHtmlCacheBehavior [ RunTime:0.000000s ]
INFO: [ view_filter ] --END-- [ RunTime:0.000000s ]
INFO: [ app_end ] --START--
INFO: Run Behavior\ShowPageTraceBehavior [ RunTime:0.000000s ]
INFO: [ app_end ] --END-- [ RunTime:0.000000s ]

[ 2016-11-25T16:52:51+08:00 ] ::1 /music/index.php/Home/Index/home.html
INFO: [ app_init ] --START--
INFO: Run Behavior\BuildLiteBehavior [ RunTime:0.000000s ]
INFO: [ app_init ] --END-- [ RunTime:0.000000s ]
INFO: [ app_begin ] --START--
INFO: Run Behavior\ReadHtmlCacheBehavior [ RunTime:0.000000s ]
INFO: [ app_begin ] --END-- [ RunTime:0.000000s ]
INFO: [ view_parse ] --START--
INFO: [ template_filter ] --START--
INFO: Run Behavior\ContentReplaceBehavior [ RunTime:0.000000s ]
INFO: [ template_filter ] --END-- [ RunTime:0.000000s ]
INFO: Run Behavior\ParseTemplateBehavior [ RunTime:0.012000s ]
INFO: [ view_parse ] --END-- [ RunTime:0.012000s ]
INFO: [ view_filter ] --START--
INFO: Run Behavior\WriteHtmlCacheBehavior [ RunTime:0.000000s ]
INFO: [ view_filter ] --END-- [ RunTime:0.000000s ]
INFO: [ app_end ] --START--
INFO: Run Behavior\ShowPageTraceBehavior [ RunTime:0.000000s ]
INFO: [ app_end ] --END-- [ RunTime:0.000000s ]

[ 2016-11-25T16:52:52+08:00 ] ::1 /music/index.php/Home/Admin/index.html
INFO: [ app_init ] --START--
INFO: Run Behavior\BuildLiteBehavior [ RunTime:0.000000s ]
INFO: [ app_init ] --END-- [ RunTime:0.000000s ]
INFO: [ app_begin ] --START--
INFO: Run Behavior\ReadHtmlCacheBehavior [ RunTime:0.001000s ]
INFO: [ app_begin ] --END-- [ RunTime:0.001000s ]
SQL: SHOW COLUMNS FROM `admin` [ RunTime:0.0000s ]
SQL: SELECT COUNT(*) AS tp_count FROM `admin` LIMIT 1   [ RunTime:0.0000s ]
SQL: SELECT * FROM `admin` ORDER BY id asc LIMIT 0,5   [ RunTime:0.0000s ]
SQL: SHOW COLUMNS FROM `auth_group` [ RunTime:0.0020s ]
NOTIC: [8] Undefined index: mapping_order F:\wamp64\www\music\ThinkPHP\Library\Think\Model\RelationModel.class.php 第 186 行.
NOTIC: [8] Undefined index: mapping_limit F:\wamp64\www\music\ThinkPHP\Library\Think\Model\RelationModel.class.php 第 187 行.
SQL: SELECT b.title FROM Auth_group_access AS a, auth_group AS b WHERE a.group_id = b.id AND a. uid='1' [ RunTime:0.0020s ]
NOTIC: [8] Undefined index: mapping_order F:\wamp64\www\music\ThinkPHP\Library\Think\Model\RelationModel.class.php 第 186 行.
NOTIC: [8] Undefined index: mapping_limit F:\wamp64\www\music\ThinkPHP\Library\Think\Model\RelationModel.class.php 第 187 行.
SQL: SELECT b.title FROM Auth_group_access AS a, auth_group AS b WHERE a.group_id = b.id AND a. uid='2' [ RunTime:0.0010s ]
NOTIC: [8] Undefined index: mapping_order F:\wamp64\www\music\ThinkPHP\Library\Think\Model\RelationModel.class.php 第 186 行.
NOTIC: [8] Undefined index: mapping_limit F:\wamp64\www\music\ThinkPHP\Library\Think\Model\RelationModel.class.php 第 187 行.
SQL: SELECT b.title FROM Auth_group_access AS a, auth_group AS b WHERE a.group_id = b.id AND a. uid='3' [ RunTime:0.0000s ]
NOTIC: [8] Undefined index: mapping_order F:\wamp64\www\music\ThinkPHP\Library\Think\Model\RelationModel.class.php 第 186 行.
NOTIC: [8] Undefined index: mapping_limit F:\wamp64\www\music\ThinkPHP\Library\Think\Model\RelationModel.class.php 第 187 行.
SQL: SELECT b.title FROM Auth_group_access AS a, auth_group AS b WHERE a.group_id = b.id AND a. uid='4' [ RunTime:0.0000s ]
NOTIC: [8] Undefined index: mapping_order F:\wamp64\www\music\ThinkPHP\Library\Think\Model\RelationModel.class.php 第 186 行.
NOTIC: [8] Undefined index: mapping_limit F:\wamp64\www\music\ThinkPHP\Library\Think\Model\RelationModel.class.php 第 187 行.
SQL: SELECT b.title FROM Auth_group_access AS a, auth_group AS b WHERE a.group_id = b.id AND a. uid='5' [ RunTime:0.0000s ]
NOTIC: [8] Undefined variable: arr1 F:\wamp64\www\music\Application\Music\Home\Controller\AdminController.class.php 第 28 行.
NOTIC: [8] Undefined variable: arr1 F:\wamp64\www\music\Application\Music\Home\Controller\AdminController.class.php 第 28 行.
NOTIC: [8] Undefined variable: arr1 F:\wamp64\www\music\Application\Music\Home\Controller\AdminController.class.php 第 30 行.
NOTIC: [8] Undefined variable: arr1 F:\wamp64\www\music\Application\Music\Home\Controller\AdminController.class.php 第 30 行.
NOTIC: [8] Undefined variable: arr1 F:\wamp64\www\music\Application\Music\Home\Controller\AdminController.class.php 第 28 行.
INFO: [ view_parse ] --START--
INFO: [ template_filter ] --START--
INFO: Run Behavior\ContentReplaceBehavior [ RunTime:0.000000s ]
INFO: [ template_filter ] --END-- [ RunTime:0.001000s ]
INFO: Run Behavior\ParseTemplateBehavior [ RunTime:0.023000s ]
INFO: [ view_parse ] --END-- [ RunTime:0.023000s ]
INFO: [ view_filter ] --START--
INFO: Run Behavior\WriteHtmlCacheBehavior [ RunTime:0.000000s ]
INFO: [ view_filter ] --END-- [ RunTime:0.001000s ]
INFO: [ app_end ] --START--
INFO: Run Behavior\ShowPageTraceBehavior [ RunTime:0.001000s ]
INFO: [ app_end ] --END-- [ RunTime:0.001000s ]

