[ 2016-11-01T20:06:43+08:00 ] ::1 /music/index.php/Home/Index/admin_Competence.html
ERR: 非法操作:admin_Competence

[ 2016-11-01T20:24:20+08:00 ] ::1 /music/index.php/Home/Admin/assets/js/bootstrap.min.js
ERR: 非法操作:assets

[ 2016-11-01T20:24:20+08:00 ] ::1 /music/index.php/Home/Admin/assets/js/typeahead-bs2.min.js
ERR: 非法操作:assets

[ 2016-11-01T20:24:20+08:00 ] ::1 /music/index.php/Home/Admin/assets/js/jquery.dataTables.min.js
ERR: 非法操作:assets

[ 2016-11-01T20:24:20+08:00 ] ::1 /music/index.php/Home/Admin/assets/js/jquery.dataTables.bootstrap.js
ERR: 非法操作:assets

[ 2016-11-01T20:24:20+08:00 ] ::1 /music/index.php/Home/Admin/js/H-ui.js
ERR: 非法操作:js

[ 2016-11-01T20:24:20+08:00 ] ::1 /music/index.php/Home/Admin/js/H-ui.admin.js
ERR: 非法操作:js

[ 2016-11-01T20:24:20+08:00 ] ::1 /music/index.php/Home/Admin/assets/layer/layer.js
ERR: 非法操作:assets

[ 2016-11-01T20:24:20+08:00 ] ::1 /music/index.php/Home/Admin/assets/laydate/laydate.js
ERR: 非法操作:assets

[ 2016-11-01T20:24:20+08:00 ] ::1 /music/index.php/Home/Admin/assets/js/bootstrap.min.js
ERR: 非法操作:assets

[ 2016-11-01T20:24:20+08:00 ] ::1 /music/index.php/Home/Admin/assets/js/typeahead-bs2.min.js
ERR: 非法操作:assets

[ 2016-11-01T20:24:20+08:00 ] ::1 /music/index.php/Home/Admin/assets/js/jquery.dataTables.min.js
ERR: 非法操作:assets

[ 2016-11-01T20:24:20+08:00 ] ::1 /music/index.php/Home/Admin/assets/js/jquery.dataTables.bootstrap.js
ERR: 非法操作:assets

[ 2016-11-01T20:24:20+08:00 ] ::1 /music/index.php/Home/Admin/js/H-ui.js
ERR: 非法操作:js

[ 2016-11-01T20:24:20+08:00 ] ::1 /music/index.php/Home/Admin/js/H-ui.admin.js
ERR: 非法操作:js

[ 2016-11-01T20:24:20+08:00 ] ::1 /music/index.php/Home/Admin/assets/layer/layer.js
ERR: 非法操作:assets

[ 2016-11-01T20:24:20+08:00 ] ::1 /music/index.php/Home/Admin/assets/laydate/laydate.js
ERR: 非法操作:assets

[ 2016-11-01T20:26:02+08:00 ] ::1 /music/index.php/Home/Admin/assets/js/bootstrap.min.js
ERR: 非法操作:assets

[ 2016-11-01T20:26:02+08:00 ] ::1 /music/index.php/Home/Admin/assets/js/typeahead-bs2.min.js
ERR: 非法操作:assets

[ 2016-11-01T20:26:02+08:00 ] ::1 /music/index.php/Home/Admin/assets/js/jquery.dataTables.min.js
ERR: 非法操作:assets

[ 2016-11-01T20:26:02+08:00 ] ::1 /music/index.php/Home/Admin/assets/js/jquery.dataTables.bootstrap.js
ERR: 非法操作:assets

[ 2016-11-01T20:26:02+08:00 ] ::1 /music/index.php/Home/Admin/js/H-ui.js
ERR: 非法操作:js

[ 2016-11-01T20:26:02+08:00 ] ::1 /music/index.php/Home/Admin/js/H-ui.admin.js
ERR: 非法操作:js

[ 2016-11-01T20:26:02+08:00 ] ::1 /music/index.php/Home/Admin/assets/layer/layer.js
ERR: 非法操作:assets

[ 2016-11-01T20:26:02+08:00 ] ::1 /music/index.php/Home/Admin/assets/laydate/laydate.js
ERR: 非法操作:assets

[ 2016-11-01T20:26:02+08:00 ] ::1 /music/index.php/Home/Admin/assets/js/bootstrap.min.js
ERR: 非法操作:assets

[ 2016-11-01T20:26:02+08:00 ] ::1 /music/index.php/Home/Admin/assets/js/typeahead-bs2.min.js
ERR: 非法操作:assets

[ 2016-11-01T20:26:02+08:00 ] ::1 /music/index.php/Home/Admin/assets/js/jquery.dataTables.min.js
ERR: 非法操作:assets

[ 2016-11-01T20:26:02+08:00 ] ::1 /music/index.php/Home/Admin/assets/js/jquery.dataTables.bootstrap.js
ERR: 非法操作:assets

[ 2016-11-01T20:26:02+08:00 ] ::1 /music/index.php/Home/Admin/js/H-ui.js
ERR: 非法操作:js

[ 2016-11-01T20:26:02+08:00 ] ::1 /music/index.php/Home/Admin/js/H-ui.admin.js
ERR: 非法操作:js

[ 2016-11-01T20:26:02+08:00 ] ::1 /music/index.php/Home/Admin/assets/layer/layer.js
ERR: 非法操作:assets

[ 2016-11-01T20:26:02+08:00 ] ::1 /music/index.php/Home/Admin/assets/laydate/laydate.js
ERR: 非法操作:assets

[ 2016-11-01T20:30:15+08:00 ] ::1 /music/index.php/Home/Index/admin_Competence.html
ERR: 非法操作:admin_Competence

[ 2016-11-01T21:01:26+08:00 ] ::1 /music/index.php/Home/Admin/assets/js/typeahead-bs2.min.js
ERR: 非法操作:assets

[ 2016-11-01T21:01:26+08:00 ] ::1 /music/index.php/Home/Admin/assets/js/jquery.dataTables.min.js
ERR: 非法操作:assets

[ 2016-11-01T21:01:26+08:00 ] ::1 /music/index.php/Home/Admin/assets/js/bootstrap.min.js
ERR: 非法操作:assets

[ 2016-11-01T21:01:26+08:00 ] ::1 /music/index.php/Home/Admin/assets/js/jquery.dataTables.bootstrap.js
ERR: 非法操作:assets

[ 2016-11-01T21:01:26+08:00 ] ::1 /music/index.php/Home/Admin/js/H-ui.js
ERR: 非法操作:js

[ 2016-11-01T21:01:26+08:00 ] ::1 /music/index.php/Home/Admin/js/H-ui.admin.js
ERR: 非法操作:js

[ 2016-11-01T21:01:26+08:00 ] ::1 /music/index.php/Home/Admin/assets/layer/layer.js
ERR: 非法操作:assets

[ 2016-11-01T21:01:26+08:00 ] ::1 /music/index.php/Home/Admin/assets/laydate/laydate.js
ERR: 非法操作:assets

[ 2016-11-01T21:01:26+08:00 ] ::1 /music/index.php/Home/Admin/assets/js/bootstrap.min.js
ERR: 非法操作:assets

[ 2016-11-01T21:01:26+08:00 ] ::1 /music/index.php/Home/Admin/assets/js/typeahead-bs2.min.js
ERR: 非法操作:assets

[ 2016-11-01T21:01:26+08:00 ] ::1 /music/index.php/Home/Admin/assets/js/jquery.dataTables.min.js
ERR: 非法操作:assets

[ 2016-11-01T21:01:26+08:00 ] ::1 /music/index.php/Home/Admin/assets/js/jquery.dataTables.bootstrap.js
ERR: 非法操作:assets

[ 2016-11-01T21:01:26+08:00 ] ::1 /music/index.php/Home/Admin/js/H-ui.js
ERR: 非法操作:js

[ 2016-11-01T21:01:26+08:00 ] ::1 /music/index.php/Home/Admin/js/H-ui.admin.js
ERR: 非法操作:js

[ 2016-11-01T21:01:27+08:00 ] ::1 /music/index.php/Home/Admin/assets/layer/layer.js
ERR: 非法操作:assets

[ 2016-11-01T21:01:27+08:00 ] ::1 /music/index.php/Home/Admin/assets/laydate/laydate.js
ERR: 非法操作:assets

[ 2016-11-01T21:10:21+08:00 ] ::1 /music/index.php/Home/Index/Products_List.html
ERR: 非法操作:Products_List

[ 2016-11-01T21:33:34+08:00 ] ::1 /music/index.php/Home/Employee/editHandle/id/8.html
ERR: 非法操作:editHandle

[ 2016-11-01T21:53:12+08:00 ] ::1 /music/index.php/Home/Zhao/index.html
ERR: 无法加载控制器:Zhao

