[ 2016-11-05T11:10:04+08:00 ] ::1 /music/index.php/Home/Admin/assets/js/typeahead-bs2.min.js
ERR: 非法操作:assets

[ 2016-11-05T11:10:04+08:00 ] ::1 /music/index.php/Home/Admin/assets/js/bootstrap.min.js
ERR: 非法操作:assets

[ 2016-11-05T11:10:04+08:00 ] ::1 /music/index.php/Home/Admin/assets/js/jquery.dataTables.min.js
ERR: 非法操作:assets

[ 2016-11-05T11:10:04+08:00 ] ::1 /music/index.php/Home/Admin/assets/js/jquery.dataTables.bootstrap.js
ERR: 非法操作:assets

[ 2016-11-05T11:10:04+08:00 ] ::1 /music/index.php/Home/Admin/js/H-ui.js
ERR: 非法操作:js

[ 2016-11-05T11:10:04+08:00 ] ::1 /music/index.php/Home/Admin/js/H-ui.admin.js
ERR: 非法操作:js

[ 2016-11-05T11:10:04+08:00 ] ::1 /music/index.php/Home/Admin/assets/layer/layer.js
ERR: 非法操作:assets

[ 2016-11-05T11:10:04+08:00 ] ::1 /music/index.php/Home/Admin/assets/laydate/laydate.js
ERR: 非法操作:assets

[ 2016-11-05T11:10:04+08:00 ] ::1 /music/index.php/Home/Admin/assets/js/bootstrap.min.js
ERR: 非法操作:assets

[ 2016-11-05T11:10:04+08:00 ] ::1 /music/index.php/Home/Admin/assets/js/typeahead-bs2.min.js
ERR: 非法操作:assets

[ 2016-11-05T11:10:04+08:00 ] ::1 /music/index.php/Home/Admin/assets/js/jquery.dataTables.min.js
ERR: 非法操作:assets

[ 2016-11-05T11:10:04+08:00 ] ::1 /music/index.php/Home/Admin/assets/js/jquery.dataTables.bootstrap.js
ERR: 非法操作:assets

[ 2016-11-05T11:10:04+08:00 ] ::1 /music/index.php/Home/Admin/js/H-ui.js
ERR: 非法操作:js

[ 2016-11-05T11:10:04+08:00 ] ::1 /music/index.php/Home/Admin/js/H-ui.admin.js
ERR: 非法操作:js

[ 2016-11-05T11:10:04+08:00 ] ::1 /music/index.php/Home/Admin/assets/layer/layer.js
ERR: 非法操作:assets

[ 2016-11-05T11:10:04+08:00 ] ::1 /music/index.php/Home/Admin/assets/laydate/laydate.js
ERR: 非法操作:assets

[ 2016-11-05T11:11:20+08:00 ] ::1 /music/index.php/Home/Admin/assets/js/bootstrap.min.js
ERR: 非法操作:assets

[ 2016-11-05T11:11:20+08:00 ] ::1 /music/index.php/Home/Admin/assets/js/jquery.dataTables.min.js
ERR: 非法操作:assets

[ 2016-11-05T11:11:20+08:00 ] ::1 /music/index.php/Home/Admin/assets/js/typeahead-bs2.min.js
ERR: 非法操作:assets

[ 2016-11-05T11:11:20+08:00 ] ::1 /music/index.php/Home/Admin/assets/js/jquery.dataTables.bootstrap.js
ERR: 非法操作:assets

[ 2016-11-05T11:11:20+08:00 ] ::1 /music/index.php/Home/Admin/js/H-ui.js
ERR: 非法操作:js

[ 2016-11-05T11:11:20+08:00 ] ::1 /music/index.php/Home/Admin/js/H-ui.admin.js
ERR: 非法操作:js

[ 2016-11-05T11:11:20+08:00 ] ::1 /music/index.php/Home/Admin/assets/layer/layer.js
ERR: 非法操作:assets

[ 2016-11-05T11:11:20+08:00 ] ::1 /music/index.php/Home/Admin/assets/laydate/laydate.js
ERR: 非法操作:assets

[ 2016-11-05T11:11:20+08:00 ] ::1 /music/index.php/Home/Admin/assets/js/bootstrap.min.js
ERR: 非法操作:assets

[ 2016-11-05T11:11:20+08:00 ] ::1 /music/index.php/Home/Admin/assets/js/typeahead-bs2.min.js
ERR: 非法操作:assets

[ 2016-11-05T11:11:20+08:00 ] ::1 /music/index.php/Home/Admin/assets/js/jquery.dataTables.min.js
ERR: 非法操作:assets

[ 2016-11-05T11:11:20+08:00 ] ::1 /music/index.php/Home/Admin/assets/js/jquery.dataTables.bootstrap.js
ERR: 非法操作:assets

[ 2016-11-05T11:11:20+08:00 ] ::1 /music/index.php/Home/Admin/js/H-ui.js
ERR: 非法操作:js

[ 2016-11-05T11:11:20+08:00 ] ::1 /music/index.php/Home/Admin/js/H-ui.admin.js
ERR: 非法操作:js

[ 2016-11-05T11:11:20+08:00 ] ::1 /music/index.php/Home/Admin/assets/layer/layer.js
ERR: 非法操作:assets

[ 2016-11-05T11:11:20+08:00 ] ::1 /music/index.php/Home/Admin/assets/laydate/laydate.js
ERR: 非法操作:assets

[ 2016-11-05T11:56:33+08:00 ] ::1 /music/index.php/Home/Admin/assets/js/bootstrap.min.js
ERR: 非法操作:assets

[ 2016-11-05T11:56:33+08:00 ] ::1 /music/index.php/Home/Admin/assets/js/typeahead-bs2.min.js
ERR: 非法操作:assets

[ 2016-11-05T11:56:33+08:00 ] ::1 /music/index.php/Home/Admin/assets/js/jquery.dataTables.min.js
ERR: 非法操作:assets

[ 2016-11-05T11:56:33+08:00 ] ::1 /music/index.php/Home/Admin/assets/js/jquery.dataTables.bootstrap.js
ERR: 非法操作:assets

[ 2016-11-05T11:56:33+08:00 ] ::1 /music/index.php/Home/Admin/js/H-ui.admin.js
ERR: 非法操作:js

[ 2016-11-05T11:56:33+08:00 ] ::1 /music/index.php/Home/Admin/js/H-ui.js
ERR: 非法操作:js

[ 2016-11-05T11:56:33+08:00 ] ::1 /music/index.php/Home/Admin/assets/layer/layer.js
ERR: 非法操作:assets

[ 2016-11-05T11:56:33+08:00 ] ::1 /music/index.php/Home/Admin/assets/laydate/laydate.js
ERR: 非法操作:assets

[ 2016-11-05T11:56:33+08:00 ] ::1 /music/index.php/Home/Admin/assets/js/bootstrap.min.js
ERR: 非法操作:assets

[ 2016-11-05T11:56:33+08:00 ] ::1 /music/index.php/Home/Admin/assets/js/typeahead-bs2.min.js
ERR: 非法操作:assets

[ 2016-11-05T11:56:33+08:00 ] ::1 /music/index.php/Home/Admin/assets/js/jquery.dataTables.min.js
ERR: 非法操作:assets

[ 2016-11-05T11:56:33+08:00 ] ::1 /music/index.php/Home/Admin/assets/js/jquery.dataTables.bootstrap.js
ERR: 非法操作:assets

[ 2016-11-05T11:56:33+08:00 ] ::1 /music/index.php/Home/Admin/js/H-ui.js
ERR: 非法操作:js

[ 2016-11-05T11:56:33+08:00 ] ::1 /music/index.php/Home/Admin/js/H-ui.admin.js
ERR: 非法操作:js

[ 2016-11-05T11:56:33+08:00 ] ::1 /music/index.php/Home/Admin/assets/layer/layer.js
ERR: 非法操作:assets

[ 2016-11-05T11:56:33+08:00 ] ::1 /music/index.php/Home/Admin/assets/laydate/laydate.js
ERR: 非法操作:assets

[ 2016-11-05T11:58:45+08:00 ] ::1 /music/index.php/Home/Admin/assets/js/typeahead-bs2.min.js
ERR: 非法操作:assets

[ 2016-11-05T11:58:45+08:00 ] ::1 /music/index.php/Home/Admin/assets/js/jquery.dataTables.min.js
ERR: 非法操作:assets

[ 2016-11-05T11:58:45+08:00 ] ::1 /music/index.php/Home/Admin/assets/js/bootstrap.min.js
ERR: 非法操作:assets

[ 2016-11-05T11:58:45+08:00 ] ::1 /music/index.php/Home/Admin/assets/js/jquery.dataTables.bootstrap.js
ERR: 非法操作:assets

[ 2016-11-05T11:58:45+08:00 ] ::1 /music/index.php/Home/Admin/js/H-ui.js
ERR: 非法操作:js

[ 2016-11-05T11:58:45+08:00 ] ::1 /music/index.php/Home/Admin/assets/layer/layer.js
ERR: 非法操作:assets

[ 2016-11-05T11:58:45+08:00 ] ::1 /music/index.php/Home/Admin/js/H-ui.admin.js
ERR: 非法操作:js

[ 2016-11-05T11:58:45+08:00 ] ::1 /music/index.php/Home/Admin/assets/laydate/laydate.js
ERR: 非法操作:assets

[ 2016-11-05T11:58:45+08:00 ] ::1 /music/index.php/Home/Admin/assets/js/bootstrap.min.js
ERR: 非法操作:assets

[ 2016-11-05T11:58:45+08:00 ] ::1 /music/index.php/Home/Admin/assets/js/typeahead-bs2.min.js
ERR: 非法操作:assets

[ 2016-11-05T11:58:46+08:00 ] ::1 /music/index.php/Home/Admin/assets/js/jquery.dataTables.min.js
ERR: 非法操作:assets

[ 2016-11-05T11:58:46+08:00 ] ::1 /music/index.php/Home/Admin/assets/js/jquery.dataTables.bootstrap.js
ERR: 非法操作:assets

[ 2016-11-05T11:58:46+08:00 ] ::1 /music/index.php/Home/Admin/js/H-ui.js
ERR: 非法操作:js

[ 2016-11-05T11:58:46+08:00 ] ::1 /music/index.php/Home/Admin/js/H-ui.admin.js
ERR: 非法操作:js

[ 2016-11-05T11:58:46+08:00 ] ::1 /music/index.php/Home/Admin/assets/layer/layer.js
ERR: 非法操作:assets

[ 2016-11-05T11:58:46+08:00 ] ::1 /music/index.php/Home/Admin/assets/laydate/laydate.js
ERR: 非法操作:assets

[ 2016-11-05T12:00:26+08:00 ] ::1 /music/index.php/Home/Admin/assets/js/bootstrap.min.js
ERR: 非法操作:assets

[ 2016-11-05T12:00:26+08:00 ] ::1 /music/index.php/Home/Admin/assets/js/jquery.dataTables.min.js
ERR: 非法操作:assets

[ 2016-11-05T12:00:26+08:00 ] ::1 /music/index.php/Home/Admin/assets/js/typeahead-bs2.min.js
ERR: 非法操作:assets

[ 2016-11-05T12:00:26+08:00 ] ::1 /music/index.php/Home/Admin/assets/js/jquery.dataTables.bootstrap.js
ERR: 非法操作:assets

[ 2016-11-05T12:00:26+08:00 ] ::1 /music/index.php/Home/Admin/js/H-ui.js
ERR: 非法操作:js

[ 2016-11-05T12:00:26+08:00 ] ::1 /music/index.php/Home/Admin/js/H-ui.admin.js
ERR: 非法操作:js

[ 2016-11-05T12:00:26+08:00 ] ::1 /music/index.php/Home/Admin/assets/layer/layer.js
ERR: 非法操作:assets

[ 2016-11-05T12:00:26+08:00 ] ::1 /music/index.php/Home/Admin/assets/laydate/laydate.js
ERR: 非法操作:assets

[ 2016-11-05T12:00:26+08:00 ] ::1 /music/index.php/Home/Admin/assets/js/bootstrap.min.js
ERR: 非法操作:assets

[ 2016-11-05T12:00:26+08:00 ] ::1 /music/index.php/Home/Admin/assets/js/typeahead-bs2.min.js
ERR: 非法操作:assets

[ 2016-11-05T12:00:26+08:00 ] ::1 /music/index.php/Home/Admin/assets/js/jquery.dataTables.min.js
ERR: 非法操作:assets

[ 2016-11-05T12:00:26+08:00 ] ::1 /music/index.php/Home/Admin/assets/js/jquery.dataTables.bootstrap.js
ERR: 非法操作:assets

[ 2016-11-05T12:00:26+08:00 ] ::1 /music/index.php/Home/Admin/js/H-ui.js
ERR: 非法操作:js

[ 2016-11-05T12:00:26+08:00 ] ::1 /music/index.php/Home/Admin/js/H-ui.admin.js
ERR: 非法操作:js

[ 2016-11-05T12:00:26+08:00 ] ::1 /music/index.php/Home/Admin/assets/layer/layer.js
ERR: 非法操作:assets

[ 2016-11-05T12:00:26+08:00 ] ::1 /music/index.php/Home/Admin/assets/laydate/laydate.js
ERR: 非法操作:assets

[ 2016-11-05T12:03:43+08:00 ] ::1 /music/index.php/Home/Admin/assets/js/bootstrap.min.js
ERR: 非法操作:assets

[ 2016-11-05T12:03:43+08:00 ] ::1 /music/index.php/Home/Admin/assets/js/typeahead-bs2.min.js
ERR: 非法操作:assets

[ 2016-11-05T12:03:43+08:00 ] ::1 /music/index.php/Home/Admin/assets/js/jquery.dataTables.bootstrap.js
ERR: 非法操作:assets

[ 2016-11-05T12:03:43+08:00 ] ::1 /music/index.php/Home/Admin/js/H-ui.js
ERR: 非法操作:js

[ 2016-11-05T12:03:43+08:00 ] ::1 /music/index.php/Home/Admin/js/H-ui.admin.js
ERR: 非法操作:js

[ 2016-11-05T12:03:43+08:00 ] ::1 /music/index.php/Home/Admin/assets/layer/layer.js
ERR: 非法操作:assets

[ 2016-11-05T12:03:43+08:00 ] ::1 /music/index.php/Home/Admin/assets/laydate/laydate.js
ERR: 非法操作:assets

[ 2016-11-05T12:03:43+08:00 ] ::1 /music/index.php/Home/Admin/assets/js/jquery.dataTables.min.js
ERR: 非法操作:assets

[ 2016-11-05T12:03:43+08:00 ] ::1 /music/index.php/Home/Admin/assets/js/bootstrap.min.js
ERR: 非法操作:assets

[ 2016-11-05T12:03:43+08:00 ] ::1 /music/index.php/Home/Admin/assets/js/typeahead-bs2.min.js
ERR: 非法操作:assets

[ 2016-11-05T12:03:43+08:00 ] ::1 /music/index.php/Home/Admin/assets/js/jquery.dataTables.min.js
ERR: 非法操作:assets

[ 2016-11-05T12:03:43+08:00 ] ::1 /music/index.php/Home/Admin/assets/js/jquery.dataTables.bootstrap.js
ERR: 非法操作:assets

[ 2016-11-05T12:03:43+08:00 ] ::1 /music/index.php/Home/Admin/js/H-ui.js
ERR: 非法操作:js

[ 2016-11-05T12:03:43+08:00 ] ::1 /music/index.php/Home/Admin/js/H-ui.admin.js
ERR: 非法操作:js

[ 2016-11-05T12:03:43+08:00 ] ::1 /music/index.php/Home/Admin/assets/layer/layer.js
ERR: 非法操作:assets

[ 2016-11-05T12:03:43+08:00 ] ::1 /music/index.php/Home/Admin/assets/laydate/laydate.js
ERR: 非法操作:assets

[ 2016-11-05T12:06:25+08:00 ] ::1 /music/index.php/Home/Login/isLogin.htm
ERR: 非法操作:isLogin.htm

[ 2016-11-05T12:06:34+08:00 ] ::1 /music/index.php/Home/Login/isLogin.htm
ERR: 非法操作:isLogin.htm

[ 2016-11-05T12:10:02+08:00 ] ::1 /music/index.php/Home/Admin/assets/js/typeahead-bs2.min.js
ERR: 非法操作:assets

[ 2016-11-05T12:10:02+08:00 ] ::1 /music/index.php/Home/Admin/assets/js/jquery.dataTables.min.js
ERR: 非法操作:assets

[ 2016-11-05T12:10:02+08:00 ] ::1 /music/index.php/Home/Admin/assets/js/bootstrap.min.js
ERR: 非法操作:assets

[ 2016-11-05T12:10:02+08:00 ] ::1 /music/index.php/Home/Admin/assets/js/jquery.dataTables.bootstrap.js
ERR: 非法操作:assets

[ 2016-11-05T12:10:02+08:00 ] ::1 /music/index.php/Home/Admin/js/H-ui.js
ERR: 非法操作:js

[ 2016-11-05T12:10:02+08:00 ] ::1 /music/index.php/Home/Admin/js/H-ui.admin.js
ERR: 非法操作:js

[ 2016-11-05T12:10:02+08:00 ] ::1 /music/index.php/Home/Admin/assets/layer/layer.js
ERR: 非法操作:assets

[ 2016-11-05T12:10:02+08:00 ] ::1 /music/index.php/Home/Admin/assets/laydate/laydate.js
ERR: 非法操作:assets

[ 2016-11-05T12:10:02+08:00 ] ::1 /music/index.php/Home/Admin/assets/js/typeahead-bs2.min.js
ERR: 非法操作:assets

[ 2016-11-05T12:10:02+08:00 ] ::1 /music/index.php/Home/Admin/assets/js/jquery.dataTables.min.js
ERR: 非法操作:assets

[ 2016-11-05T12:10:02+08:00 ] ::1 /music/index.php/Home/Admin/assets/js/jquery.dataTables.bootstrap.js
ERR: 非法操作:assets

[ 2016-11-05T12:10:02+08:00 ] ::1 /music/index.php/Home/Admin/js/H-ui.js
ERR: 非法操作:js

[ 2016-11-05T12:10:02+08:00 ] ::1 /music/index.php/Home/Admin/js/H-ui.admin.js
ERR: 非法操作:js

[ 2016-11-05T12:10:02+08:00 ] ::1 /music/index.php/Home/Admin/assets/layer/layer.js
ERR: 非法操作:assets

[ 2016-11-05T12:10:02+08:00 ] ::1 /music/index.php/Home/Admin/assets/laydate/laydate.js
ERR: 非法操作:assets

[ 2016-11-05T12:26:04+08:00 ] ::1 /music/index.php/Home/Login/isLogin.html
ERR: Think\Controller:check_verify方法不存在！

[ 2016-11-05T12:29:09+08:00 ] ::1 /music/index.php/Home/Login/isLogin.html
ERR: Think\Controller:R方法不存在！

[ 2016-11-05T12:30:37+08:00 ] ::1 /music/index.php/Home/Login/verify.html?code=0.36236272623556065
ERR: 非法操作:verify

[ 2016-11-05T12:30:38+08:00 ] ::1 /music/index.php/Home/Login/verify.html?code=0.3251220481288162
ERR: 非法操作:verify

[ 2016-11-05T12:30:38+08:00 ] ::1 /music/index.php/Home/Login/verify.html?code=0.7448063214276199
ERR: 非法操作:verify

[ 2016-11-05T12:30:38+08:00 ] ::1 /music/index.php/Home/Login/verify.html?code=0.9440877404883141
ERR: 非法操作:verify

[ 2016-11-05T12:30:39+08:00 ] ::1 /music/index.php/Home/Login/verify.html?code=0.7758907564440674
ERR: 非法操作:verify

[ 2016-11-05T12:30:39+08:00 ] ::1 /music/index.php/Home/Login/verify.html?code=0.2301574837157716
ERR: 非法操作:verify

[ 2016-11-05T12:30:39+08:00 ] ::1 /music/index.php/Home/Login/verify.html?code=0.7720046898305355
ERR: 非法操作:verify

[ 2016-11-05T12:30:39+08:00 ] ::1 /music/index.php/Home/Login/verify.html?code=0.19350156891612302
ERR: 非法操作:verify

[ 2016-11-05T12:30:40+08:00 ] ::1 /music/index.php/Home/Login/verify.html?code=0.09785347507611131
ERR: 非法操作:verify

[ 2016-11-05T12:30:40+08:00 ] ::1 /music/index.php/Home/Login/verify.html?code=0.4312414542733949
ERR: 非法操作:verify

[ 2016-11-05T12:30:40+08:00 ] ::1 /music/index.php/Home/Login/verify.html?code=0.6298885734325113
ERR: 非法操作:verify

[ 2016-11-05T12:30:41+08:00 ] ::1 /music/index.php/Home/Login/verify.html?code=0.13556603383282972
ERR: 非法操作:verify

[ 2016-11-05T13:29:23+08:00 ] ::1 /music/index.php/Home/Admin/js/H-ui.js
ERR: 非法操作:js

[ 2016-11-05T13:29:23+08:00 ] ::1 /music/index.php/Home/Admin/assets/js/jquery.dataTables.bootstrap.js
ERR: 非法操作:assets

[ 2016-11-05T13:29:23+08:00 ] ::1 /music/index.php/Home/Admin/assets/layer/layer.js
ERR: 非法操作:assets

[ 2016-11-05T13:29:23+08:00 ] ::1 /music/index.php/Home/Admin/js/H-ui.admin.js
ERR: 非法操作:js

[ 2016-11-05T13:29:23+08:00 ] ::1 /music/index.php/Home/Admin/assets/js/typeahead-bs2.min.js
ERR: 非法操作:assets

[ 2016-11-05T13:29:23+08:00 ] ::1 /music/index.php/Home/Admin/assets/laydate/laydate.js
ERR: 非法操作:assets

[ 2016-11-05T13:29:23+08:00 ] ::1 /music/index.php/Home/Admin/assets/js/bootstrap.min.js
ERR: 非法操作:assets

[ 2016-11-05T13:29:23+08:00 ] ::1 /music/index.php/Home/Admin/assets/js/jquery.dataTables.min.js
ERR: 非法操作:assets

[ 2016-11-05T13:29:23+08:00 ] ::1 /music/index.php/Home/Admin/assets/js/bootstrap.min.js
ERR: 非法操作:assets

[ 2016-11-05T13:29:23+08:00 ] ::1 /music/index.php/Home/Admin/assets/js/typeahead-bs2.min.js
ERR: 非法操作:assets

[ 2016-11-05T13:29:23+08:00 ] ::1 /music/index.php/Home/Admin/assets/js/jquery.dataTables.min.js
ERR: 非法操作:assets

[ 2016-11-05T13:29:23+08:00 ] ::1 /music/index.php/Home/Admin/assets/js/jquery.dataTables.bootstrap.js
ERR: 非法操作:assets

[ 2016-11-05T13:29:23+08:00 ] ::1 /music/index.php/Home/Admin/js/H-ui.js
ERR: 非法操作:js

[ 2016-11-05T13:29:23+08:00 ] ::1 /music/index.php/Home/Admin/js/H-ui.admin.js
ERR: 非法操作:js

[ 2016-11-05T13:29:23+08:00 ] ::1 /music/index.php/Home/Admin/assets/layer/layer.js
ERR: 非法操作:assets

[ 2016-11-05T13:29:23+08:00 ] ::1 /music/index.php/Home/Admin/assets/laydate/laydate.js
ERR: 非法操作:assets

[ 2016-11-05T13:31:48+08:00 ] ::1 /music/index.php/Home/Admin/assets/js/bootstrap.min.js
ERR: 非法操作:assets

[ 2016-11-05T13:31:48+08:00 ] ::1 /music/index.php/Home/Admin/js/H-ui.js
ERR: 非法操作:js

[ 2016-11-05T13:31:48+08:00 ] ::1 /music/index.php/Home/Admin/assets/layer/layer.js
ERR: 非法操作:assets

[ 2016-11-05T13:31:48+08:00 ] ::1 /music/index.php/Home/Admin/assets/js/jquery.dataTables.bootstrap.js
ERR: 非法操作:assets

[ 2016-11-05T13:31:48+08:00 ] ::1 /music/index.php/Home/Admin/assets/laydate/laydate.js
ERR: 非法操作:assets

[ 2016-11-05T13:31:48+08:00 ] ::1 /music/index.php/Home/Admin/assets/js/typeahead-bs2.min.js
ERR: 非法操作:assets

[ 2016-11-05T13:31:48+08:00 ] ::1 /music/index.php/Home/Admin/js/H-ui.admin.js
ERR: 非法操作:js

[ 2016-11-05T13:31:48+08:00 ] ::1 /music/index.php/Home/Admin/assets/js/jquery.dataTables.min.js
ERR: 非法操作:assets

[ 2016-11-05T13:31:48+08:00 ] ::1 /music/index.php/Home/Admin/assets/js/bootstrap.min.js
ERR: 非法操作:assets

[ 2016-11-05T13:31:48+08:00 ] ::1 /music/index.php/Home/Admin/assets/js/typeahead-bs2.min.js
ERR: 非法操作:assets

[ 2016-11-05T13:31:48+08:00 ] ::1 /music/index.php/Home/Admin/assets/js/jquery.dataTables.min.js
ERR: 非法操作:assets

[ 2016-11-05T13:31:48+08:00 ] ::1 /music/index.php/Home/Admin/assets/js/jquery.dataTables.bootstrap.js
ERR: 非法操作:assets

[ 2016-11-05T13:31:48+08:00 ] ::1 /music/index.php/Home/Admin/js/H-ui.js
ERR: 非法操作:js

[ 2016-11-05T13:31:48+08:00 ] ::1 /music/index.php/Home/Admin/js/H-ui.admin.js
ERR: 非法操作:js

[ 2016-11-05T13:31:48+08:00 ] ::1 /music/index.php/Home/Admin/assets/layer/layer.js
ERR: 非法操作:assets

[ 2016-11-05T13:31:48+08:00 ] ::1 /music/index.php/Home/Admin/assets/laydate/laydate.js
ERR: 非法操作:assets

[ 2016-11-05T14:05:45+08:00 ] ::1 /music/index.php/Home/Index/assets/js/jquery-1.10.2.min.js
ERR: 非法操作:assets

[ 2016-11-05T14:05:47+08:00 ] ::1 /music/index.php/Home/Index/assets/js/jquery-1.10.2.min.js
ERR: 非法操作:assets

[ 2016-11-05T14:05:48+08:00 ] ::1 /music/index.php/Home/Index/assets/js/jquery-1.10.2.min.js
ERR: 非法操作:assets

[ 2016-11-05T14:05:48+08:00 ] ::1 /music/index.php/Home/Index/assets/js/jquery-1.10.2.min.js
ERR: 非法操作:assets

[ 2016-11-05T14:05:49+08:00 ] ::1 /music/index.php/Home/Index/assets/js/jquery-1.10.2.min.js
ERR: 非法操作:assets

[ 2016-11-05T14:05:49+08:00 ] ::1 /music/index.php/Home/Index/assets/js/jquery-1.10.2.min.js
ERR: 非法操作:assets

[ 2016-11-05T14:05:50+08:00 ] ::1 /music/index.php/Home/Index/assets/js/jquery-1.10.2.min.js
ERR: 非法操作:assets

[ 2016-11-05T14:05:50+08:00 ] ::1 /music/index.php/Home/Index/assets/js/jquery-1.10.2.min.js
ERR: 非法操作:assets

[ 2016-11-05T14:05:51+08:00 ] ::1 /music/index.php/Home/Index/assets/js/jquery-1.10.2.min.js
ERR: 非法操作:assets

[ 2016-11-05T14:05:51+08:00 ] ::1 /music/index.php/Home/Index/assets/js/jquery-1.10.2.min.js
ERR: 非法操作:assets

[ 2016-11-05T14:05:51+08:00 ] ::1 /music/index.php/Home/Index/assets/js/jquery-1.10.2.min.js
ERR: 非法操作:assets

[ 2016-11-05T14:05:52+08:00 ] ::1 /music/index.php/Home/Index/assets/js/jquery-1.10.2.min.js
ERR: 非法操作:assets

[ 2016-11-05T14:05:56+08:00 ] ::1 /music/index.php/Home/Index/assets/js/jquery-1.10.2.min.js
ERR: 非法操作:assets

[ 2016-11-05T14:05:59+08:00 ] ::1 /music/index.php/Home/Index/assets/js/jquery-1.10.2.min.js
ERR: 非法操作:assets

[ 2016-11-05T14:06:00+08:00 ] ::1 /music/index.php/Home/Index/assets/js/jquery-1.10.2.min.js
ERR: 非法操作:assets

[ 2016-11-05T14:06:07+08:00 ] ::1 /music/index.php/Home/Index/assets/js/jquery-1.10.2.min.js
ERR: 非法操作:assets

[ 2016-11-05T14:06:07+08:00 ] ::1 /music/index.php/Home/Index/assets/js/jquery-1.10.2.min.js
ERR: 非法操作:assets

[ 2016-11-05T14:06:08+08:00 ] ::1 /music/index.php/Home/Index/assets/js/jquery-1.10.2.min.js
ERR: 非法操作:assets

[ 2016-11-05T15:20:24+08:00 ] ::1 /music/index.php/Home/Index/Systems.html
ERR: 非法操作:Systems

[ 2016-11-05T15:20:28+08:00 ] ::1 /music/index.php/Home/Index/%E8%8F%9C%E5%8D%95%E7%AE%A1%E7%90%86.html
ERR: 非法操作:菜单管理

[ 2016-11-05T15:20:29+08:00 ] ::1 /music/index.php/Home/Index/%E7%94%A8%E6%88%B7%E7%AE%A1%E7%90%86.html
ERR: 非法操作:用户管理

[ 2016-11-05T15:26:53+08:00 ] ::1 /music/index.php/Home/Admin/assets/js/jquery.dataTables.min.js
ERR: 非法操作:assets

[ 2016-11-05T15:26:53+08:00 ] ::1 /music/index.php/Home/Admin/assets/js/bootstrap.min.js
ERR: 非法操作:assets

[ 2016-11-05T15:26:53+08:00 ] ::1 /music/index.php/Home/Admin/assets/js/typeahead-bs2.min.js
ERR: 非法操作:assets

[ 2016-11-05T15:26:53+08:00 ] ::1 /music/index.php/Home/Admin/assets/js/jquery.dataTables.bootstrap.js
ERR: 非法操作:assets

[ 2016-11-05T15:26:53+08:00 ] ::1 /music/index.php/Home/Admin/js/H-ui.js
ERR: 非法操作:js

[ 2016-11-05T15:26:53+08:00 ] ::1 /music/index.php/Home/Admin/js/H-ui.admin.js
ERR: 非法操作:js

[ 2016-11-05T15:26:53+08:00 ] ::1 /music/index.php/Home/Admin/assets/layer/layer.js
ERR: 非法操作:assets

[ 2016-11-05T15:26:53+08:00 ] ::1 /music/index.php/Home/Admin/assets/laydate/laydate.js
ERR: 非法操作:assets

[ 2016-11-05T15:26:53+08:00 ] ::1 /music/index.php/Home/Admin/assets/js/jquery.dataTables.min.js
ERR: 非法操作:assets

[ 2016-11-05T15:26:53+08:00 ] ::1 /music/index.php/Home/Admin/assets/js/jquery.dataTables.bootstrap.js
ERR: 非法操作:assets

[ 2016-11-05T15:26:53+08:00 ] ::1 /music/index.php/Home/Admin/js/H-ui.js
ERR: 非法操作:js

[ 2016-11-05T15:26:53+08:00 ] ::1 /music/index.php/Home/Admin/js/H-ui.admin.js
ERR: 非法操作:js

[ 2016-11-05T15:26:53+08:00 ] ::1 /music/index.php/Home/Admin/assets/layer/layer.js
ERR: 非法操作:assets

[ 2016-11-05T15:26:53+08:00 ] ::1 /music/index.php/Home/Admin/assets/laydate/laydate.js
ERR: 非法操作:assets

[ 2016-11-05T15:29:06+08:00 ] ::1 /music/index.php/Home/Order/index.html
ERR: 无法加载控制器:Order

[ 2016-11-05T15:29:07+08:00 ] ::1 /music/index.php/Home/Order/show.html
ERR: 无法加载控制器:Order

[ 2016-11-05T15:29:45+08:00 ] ::1 /music/index.php/Home/Order/index.html
ERR: 无法加载控制器:Order

[ 2016-11-05T18:16:10+08:00 ] ::1 /music/index.php/Home/Rank/song_list/id/4.html
ERR: 1064:You have an error in your SQL syntax; check the manual that corresponds to your MySQL server version for the right syntax to use near ') ORDER BY id asc LIMIT 0,5' at line 1
 [ SQL语句 ] : SELECT * FROM `song` WHERE `id` IN () ORDER BY id asc LIMIT 0,5  

