[ 2016-11-25T16:45:33+08:00 ] ::1 /music/
INFO: [ app_init ] --START--
INFO: Run Behavior\BuildLiteBehavior [ RunTime:0.000000s ]
INFO: [ app_init ] --END-- [ RunTime:0.001000s ]
INFO: [ app_begin ] --START--
INFO: Run Behavior\ReadHtmlCacheBehavior [ RunTime:0.006000s ]
INFO: [ app_begin ] --END-- [ RunTime:0.006000s ]
SQL: SELECT * FROM `website` LIMIT 1   [ RunTime:0.0290s ]
SQL: SELECT * FROM `website`  [ RunTime:0.0010s ]
SQL: SELECT * FROM `excellent` LIMIT 1,8   [ RunTime:0.0210s ]
SQL: SELECT * FROM `excellent` LIMIT 0,7   [ RunTime:0.0000s ]
SQL: SELECT * FROM `link`  [ RunTime:0.0350s ]
SQL: SELECT * FROM `rank` WHERE ( name='酷狗飙升榜' ) LIMIT 1   [ RunTime:0.0120s ]
SQL: SELECT `id`,`rank_id`,`song_id` FROM `rank_song` WHERE ( rank_id=4 )  [ RunTime:0.0160s ]
SQL: SELECT * FROM `song` WHERE `id` IN (4,3,2,6,7,8,9) ORDER BY id asc  [ RunTime:0.0330s ]
SQL: SELECT * FROM `rank` WHERE ( name='欧美新歌榜' ) LIMIT 1   [ RunTime:0.0000s ]
SQL: SELECT `id`,`rank_id`,`song_id` FROM `rank_song` WHERE ( rank_id=7 )  [ RunTime:0.0000s ]
SQL: SELECT * FROM `song` WHERE `id` IN (4,3,2,6,7,8,9,1,2,3,4,5,6,7,8,9) ORDER BY id asc  [ RunTime:0.0000s ]
SQL: SELECT * FROM `rank` WHERE ( name='日本新歌榜' ) LIMIT 1   [ RunTime:0.0000s ]
SQL: SELECT `id`,`rank_id`,`song_id` FROM `rank_song` WHERE ( rank_id=9 )  [ RunTime:0.0000s ]
SQL: SELECT * FROM `song` WHERE `id` IN (4,3,2,6,7,8,9,1,2,3,4,5,6,7,8,9,4,5,6,7,8,9,1,2) ORDER BY id asc  [ RunTime:0.0010s ]
SQL: SELECT * FROM `rank` WHERE ( name='蒙面新歌榜' ) LIMIT 1   [ RunTime:0.0000s ]
SQL: SELECT `id`,`rank_id`,`song_id` FROM `rank_song` WHERE ( rank_id=10 )  [ RunTime:0.0000s ]
SQL: SELECT * FROM `song` WHERE `id` IN (4,3,2,6,7,8,9,1,2,3,4,5,6,7,8,9,4,5,6,7,8,9,1,2,1,2,3,4,5,6,7,8,9) ORDER BY id asc  [ RunTime:0.0010s ]
SQL: SELECT * FROM `rank` WHERE ( name='网络红歌榜' ) LIMIT 1   [ RunTime:0.0000s ]
SQL: SELECT `id`,`rank_id`,`song_id` FROM `rank_song` WHERE ( rank_id=10 )  [ RunTime:0.0010s ]
SQL: SELECT * FROM `song` WHERE `id` IN (4,3,2,6,7,8,9,1,2,3,4,5,6,7,8,9,4,5,6,7,8,9,1,2,1,2,3,4,5,6,7,8,9,1,2,3,4,5,6,7,8,9) ORDER BY id asc  [ RunTime:0.0000s ]
SQL: SELECT * FROM `rank` WHERE ( name='酷狗分享榜' ) LIMIT 1   [ RunTime:0.0000s ]
SQL: SELECT `id`,`rank_id`,`song_id` FROM `rank_song` WHERE ( rank_id=13 )  [ RunTime:0.0000s ]
SQL: SELECT * FROM `song` WHERE `id` IN (4,3,2,6,7,8,9,1,2,3,4,5,6,7,8,9,4,5,6,7,8,9,1,2,1,2,3,4,5,6,7,8,9,1,2,3,4,5,6,7,8,9,1,2,3,4,5,6,7,8,9) ORDER BY id asc  [ RunTime:0.0000s ]
SQL: SELECT * FROM `rank` WHERE ( name='酷狗飙升榜' ) LIMIT 1   [ RunTime:0.0000s ]
SQL: SELECT `id`,`rank_id`,`song_id` FROM `rank_song` WHERE ( rank_id=4 )  [ RunTime:0.0000s ]
SQL: SELECT * FROM `song` WHERE `id` IN (4,3,2,6,7,8,9,1,2,3,4,5,6,7,8,9,4,5,6,7,8,9,1,2,1,2,3,4,5,6,7,8,9,1,2,3,4,5,6,7,8,9,1,2,3,4,5,6,7,8,9,4,3,2,6,7,8,9) ORDER BY id asc  [ RunTime:0.0000s ]
SQL: SELECT * FROM `rank` WHERE ( name='酷狗TOP500' ) LIMIT 1   [ RunTime:0.0000s ]
SQL: SELECT `id`,`rank_id`,`song_id` FROM `rank_song` WHERE ( rank_id=5 )  [ RunTime:0.0000s ]
SQL: SELECT * FROM `song` WHERE `id` IN (4,3,2,6,7,8,9,1,2,3,4,5,6,7,8,9,4,5,6,7,8,9,1,2,1,2,3,4,5,6,7,8,9,1,2,3,4,5,6,7,8,9,1,2,3,4,5,6,7,8,9,4,3,2,6,7,8,9,9,8,7,6,5) ORDER BY id asc  [ RunTime:0.0010s ]
SQL: SELECT * FROM `rank` WHERE ( name='中国TOP排行榜' ) LIMIT 1   [ RunTime:0.0010s ]
SQL: SELECT `id`,`rank_id`,`song_id` FROM `rank_song` WHERE ( rank_id=18 )  [ RunTime:0.0010s ]
SQL: SELECT * FROM `song` WHERE `id` IN (4,3,2,6,7,8,9,1,2,3,4,5,6,7,8,9,4,5,6,7,8,9,1,2,1,2,3,4,5,6,7,8,9,1,2,3,4,5,6,7,8,9,1,2,3,4,5,6,7,8,9,4,3,2,6,7,8,9,9,8,7,6,5,1,2,3,4,5,6,7,8,9) ORDER BY id asc  [ RunTime:0.0000s ]
SQL: SELECT * FROM `rank` WHERE ( name='香港RTHK电台榜' ) LIMIT 1   [ RunTime:0.0000s ]
SQL: SELECT `id`,`rank_id`,`song_id` FROM `rank_song` WHERE ( rank_id=24 )  [ RunTime:0.0000s ]
SQL: SELECT * FROM `song` WHERE `id` IN (4,3,2,6,7,8,9,1,2,3,4,5,6,7,8,9,4,5,6,7,8,9,1,2,1,2,3,4,5,6,7,8,9,1,2,3,4,5,6,7,8,9,1,2,3,4,5,6,7,8,9,4,3,2,6,7,8,9,9,8,7,6,5,1,2,3,4,5,6,7,8,9,1,2,3,4,5,6,7,8,9) ORDER BY id asc  [ RunTime:0.0000s ]
SQL: SELECT * FROM `rank` WHERE ( name='日本新歌榜' ) LIMIT 1   [ RunTime:0.0000s ]
SQL: SELECT `id`,`rank_id`,`song_id` FROM `rank_song` WHERE ( rank_id=9 )  [ RunTime:0.0000s ]
SQL: SELECT * FROM `song` WHERE `id` IN (4,3,2,6,7,8,9,1,2,3,4,5,6,7,8,9,4,5,6,7,8,9,1,2,1,2,3,4,5,6,7,8,9,1,2,3,4,5,6,7,8,9,1,2,3,4,5,6,7,8,9,4,3,2,6,7,8,9,9,8,7,6,5,1,2,3,4,5,6,7,8,9,1,2,3,4,5,6,7,8,9,4,5,6,7,8,9,1,2) ORDER BY id asc  [ RunTime:0.0000s ]
SQL: SELECT * FROM `rank` WHERE ( name='美国BillBoard榜' ) LIMIT 1   [ RunTime:0.0000s ]
SQL: SELECT `id`,`rank_id`,`song_id` FROM `rank_song` WHERE ( rank_id=19 )  [ RunTime:0.0000s ]
SQL: SELECT * FROM `song` WHERE `id` IN (4,3,2,6,7,8,9,1,2,3,4,5,6,7,8,9,4,5,6,7,8,9,1,2,1,2,3,4,5,6,7,8,9,1,2,3,4,5,6,7,8,9,1,2,3,4,5,6,7,8,9,4,3,2,6,7,8,9,9,8,7,6,5,1,2,3,4,5,6,7,8,9,1,2,3,4,5,6,7,8,9,4,5,6,7,8,9,1,2,1,2,3,4,5,6,7,8,9) ORDER BY id asc  [ RunTime:0.0000s ]
SQL: SELECT * FROM `classify` WHERE ( pid = 0 )  [ RunTime:0.0180s ]
SQL: SELECT * FROM `classify`  [ RunTime:0.0000s ]
SQL: SELECT * FROM `classify` WHERE `id` IN ('7','8','37','9','10','11','12','1')  [ RunTime:0.0000s ]
SQL: SELECT * FROM `classify` WHERE `id` IN ('13','14','15','16','17','2')  [ RunTime:0.0000s ]
SQL: SELECT * FROM `classify` WHERE `id` IN ('18','19','20','21','22','3')  [ RunTime:0.0000s ]
SQL: SELECT * FROM `classify` WHERE `id` IN ('28','29','30','31','5')  [ RunTime:0.0010s ]
SQL: SELECT * FROM `classify` WHERE `id` IN ('32','33','34','35','36','6')  [ RunTime:0.0010s ]
INFO: [ view_parse ] --START--
INFO: [ template_filter ] --START--
INFO: Run Behavior\ContentReplaceBehavior [ RunTime:0.012000s ]
INFO: [ template_filter ] --END-- [ RunTime:0.012000s ]
NOTIC: [8] Undefined index: username F:\wamp64\www\music\Application\Music\Runtime\Cache\Index\317f8038a0cd9a6452a445a2e4c1a178.php 第 34 行.
NOTIC: [8] Undefined variable: rt1 F:\wamp64\www\music\Application\Music\Runtime\Cache\Index\317f8038a0cd9a6452a445a2e4c1a178.php 第 254 行.
NOTIC: [8] Undefined variable: rt2 F:\wamp64\www\music\Application\Music\Runtime\Cache\Index\317f8038a0cd9a6452a445a2e4c1a178.php 第 262 行.
NOTIC: [8] Undefined variable: vv F:\wamp64\www\music\Application\Music\Runtime\Cache\Index\317f8038a0cd9a6452a445a2e4c1a178.php 第 337 行.
NOTIC: [8] Undefined variable: bb F:\wamp64\www\music\Application\Music\Runtime\Cache\Index\317f8038a0cd9a6452a445a2e4c1a178.php 第 353 行.
NOTIC: [8] Undefined variable: bv F:\wamp64\www\music\Application\Music\Runtime\Cache\Index\317f8038a0cd9a6452a445a2e4c1a178.php 第 361 行.
NOTIC: [8] Undefined variable: zz F:\wamp64\www\music\Application\Music\Runtime\Cache\Index\317f8038a0cd9a6452a445a2e4c1a178.php 第 428 行.
NOTIC: [8] Undefined variable: zt F:\wamp64\www\music\Application\Music\Runtime\Cache\Index\317f8038a0cd9a6452a445a2e4c1a178.php 第 436 行.
NOTIC: [8] Undefined variable: mu F:\wamp64\www\music\Application\Music\Runtime\Cache\Index\317f8038a0cd9a6452a445a2e4c1a178.php 第 479 行.
NOTIC: [8] Undefined variable: mi F:\wamp64\www\music\Application\Music\Runtime\Cache\Index\317f8038a0cd9a6452a445a2e4c1a178.php 第 487 行.
NOTIC: [8] Undefined variable: nn F:\wamp64\www\music\Application\Music\Runtime\Cache\Index\317f8038a0cd9a6452a445a2e4c1a178.php 第 503 行.
NOTIC: [8] Undefined variable: nm F:\wamp64\www\music\Application\Music\Runtime\Cache\Index\317f8038a0cd9a6452a445a2e4c1a178.php 第 511 行.
NOTIC: [8] Undefined variable: fs F:\wamp64\www\music\Application\Music\Runtime\Cache\Index\317f8038a0cd9a6452a445a2e4c1a178.php 第 578 行.
NOTIC: [8] Undefined variable: sf F:\wamp64\www\music\Application\Music\Runtime\Cache\Index\317f8038a0cd9a6452a445a2e4c1a178.php 第 586 行.
NOTIC: [8] Undefined variable: ds F:\wamp64\www\music\Application\Music\Runtime\Cache\Index\317f8038a0cd9a6452a445a2e4c1a178.php 第 602 行.
NOTIC: [8] Undefined variable: sd F:\wamp64\www\music\Application\Music\Runtime\Cache\Index\317f8038a0cd9a6452a445a2e4c1a178.php 第 610 行.
INFO: Run Behavior\ParseTemplateBehavior [ RunTime:0.264000s ]
INFO: [ view_parse ] --END-- [ RunTime:0.264000s ]
INFO: [ view_filter ] --START--
INFO: Run Behavior\WriteHtmlCacheBehavior [ RunTime:0.008000s ]
INFO: [ view_filter ] --END-- [ RunTime:0.008000s ]
INFO: [ app_end ] --START--
INFO: Run Behavior\ShowPageTraceBehavior [ RunTime:0.014000s ]
INFO: [ app_end ] --END-- [ RunTime:0.015000s ]

[ 2016-11-25T16:45:42+08:00 ] ::1 /music/Public/Home/images/loginsj.png
INFO: [ app_init ] --START--
INFO: Run Behavior\BuildLiteBehavior [ RunTime:0.000000s ]
INFO: [ app_init ] --END-- [ RunTime:0.001000s ]

[ 2016-11-25T16:45:58+08:00 ] ::1 /music/rank/remenbang/b_riyuxinge.png
INFO: [ app_init ] --START--
INFO: Run Behavior\BuildLiteBehavior [ RunTime:0.000000s ]
INFO: [ app_init ] --END-- [ RunTime:0.000000s ]

[ 2016-11-25T16:45:58+08:00 ] ::1 /music/rank/remenbang/b_hanyuxinge.png
INFO: [ app_init ] --START--
INFO: Run Behavior\BuildLiteBehavior [ RunTime:0.000000s ]
INFO: [ app_init ] --END-- [ RunTime:0.001000s ]

[ 2016-11-25T16:45:58+08:00 ] ::1 /music/rank/remenbang/b_yueyuxinge.png
INFO: [ app_init ] --START--
INFO: Run Behavior\BuildLiteBehavior [ RunTime:0.000000s ]
INFO: [ app_init ] --END-- [ RunTime:0.001000s ]

[ 2016-11-25T16:45:58+08:00 ] ::1 /music/rank/remenbang/b_mengmiangewang.png
INFO: [ app_init ] --START--
INFO: Run Behavior\BuildLiteBehavior [ RunTime:0.000000s ]
INFO: [ app_init ] --END-- [ RunTime:0.000000s ]

[ 2016-11-25T16:45:58+08:00 ] ::1 /music/rank/remenbang/b_wangluohongge.png
INFO: [ app_init ] --START--
INFO: Run Behavior\BuildLiteBehavior [ RunTime:0.000000s ]
INFO: [ app_init ] --END-- [ RunTime:0.000000s ]

[ 2016-11-25T16:45:58+08:00 ] ::1 /music/rank/remenbang/b_kugoufenxiang.png
INFO: [ app_init ] --START--
INFO: Run Behavior\BuildLiteBehavior [ RunTime:0.000000s ]
INFO: [ app_init ] --END-- [ RunTime:0.000000s ]

[ 2016-11-25T16:45:58+08:00 ] ::1 /music/rank/remenbang/b_fanxing.png
INFO: [ app_init ] --START--
INFO: Run Behavior\BuildLiteBehavior [ RunTime:0.000000s ]
INFO: [ app_init ] --END-- [ RunTime:0.001000s ]

[ 2016-11-25T16:45:58+08:00 ] ::1 /music/rank/remenbang/b_5sing.png
INFO: [ app_init ] --START--
INFO: Run Behavior\BuildLiteBehavior [ RunTime:0.000000s ]
INFO: [ app_init ] --END-- [ RunTime:0.000000s ]

[ 2016-11-25T16:45:58+08:00 ] ::1 /music/rank/remenbang/b_yueduxinge.png
INFO: [ app_init ] --START--
INFO: Run Behavior\BuildLiteBehavior [ RunTime:0.000000s ]
INFO: [ app_init ] --END-- [ RunTime:0.001000s ]

[ 2016-11-25T16:45:58+08:00 ] ::1 /music/rank/jingdianbang/b_zhongguotop.png
INFO: [ app_init ] --START--
INFO: Run Behavior\BuildLiteBehavior [ RunTime:0.001000s ]
INFO: [ app_init ] --END-- [ RunTime:0.001000s ]

[ 2016-11-25T16:45:58+08:00 ] ::1 /music/rank/jingdianbang/b_b.png
INFO: [ app_init ] --START--
INFO: Run Behavior\BuildLiteBehavior [ RunTime:0.000000s ]
INFO: [ app_init ] --END-- [ RunTime:0.001000s ]

[ 2016-11-25T16:45:58+08:00 ] ::1 /music/rank/jingdianbang/b_inyue.png
INFO: [ app_init ] --START--
INFO: Run Behavior\BuildLiteBehavior [ RunTime:0.000000s ]
INFO: [ app_init ] --END-- [ RunTime:0.001000s ]

[ 2016-11-25T16:45:58+08:00 ] ::1 /music/rank/jingdianbang/b_itunes.png
INFO: [ app_init ] --START--
INFO: Run Behavior\BuildLiteBehavior [ RunTime:0.000000s ]
INFO: [ app_init ] --END-- [ RunTime:0.001000s ]

[ 2016-11-25T16:45:58+08:00 ] ::1 /music/rank/jingdianbang/b_hanmnet.png
INFO: [ app_init ] --START--
INFO: Run Behavior\BuildLiteBehavior [ RunTime:0.001000s ]
INFO: [ app_init ] --END-- [ RunTime:0.001000s ]

[ 2016-11-25T16:45:58+08:00 ] ::1 /music/rank/jingdianbang/b_yingdanqu.png
INFO: [ app_init ] --START--
INFO: Run Behavior\BuildLiteBehavior [ RunTime:0.001000s ]
INFO: [ app_init ] --END-- [ RunTime:0.001000s ]

[ 2016-11-25T16:45:58+08:00 ] ::1 /music/rank/jingdianbang/b_taiwan.png
INFO: [ app_init ] --START--
INFO: Run Behavior\BuildLiteBehavior [ RunTime:0.000000s ]
INFO: [ app_init ] --END-- [ RunTime:0.001000s ]

[ 2016-11-25T16:45:58+08:00 ] ::1 /music/rank/jingdianbang/b_gang.png
INFO: [ app_init ] --START--
INFO: Run Behavior\BuildLiteBehavior [ RunTime:0.000000s ]
INFO: [ app_init ] --END-- [ RunTime:0.001000s ]

[ 2016-11-25T16:45:58+08:00 ] ::1 /music/rank/jingdianbang/b_riben.png
INFO: [ app_init ] --START--
INFO: Run Behavior\BuildLiteBehavior [ RunTime:0.000000s ]
INFO: [ app_init ] --END-- [ RunTime:0.000000s ]

[ 2016-11-25T16:45:58+08:00 ] ::1 /music/rank/remenbang/b_huayuxinge.png
INFO: [ app_init ] --START--
INFO: Run Behavior\BuildLiteBehavior [ RunTime:0.000000s ]
INFO: [ app_init ] --END-- [ RunTime:0.001000s ]

[ 2016-11-25T16:45:58+08:00 ] ::1 /music/rank/remenbang/b_yingshijinqu.png
INFO: [ app_init ] --START--
INFO: Run Behavior\BuildLiteBehavior [ RunTime:0.001000s ]
INFO: [ app_init ] --END-- [ RunTime:0.001000s ]

[ 2016-11-25T19:29:45+08:00 ] ::1 /music/
INFO: [ app_init ] --START--
INFO: Run Behavior\BuildLiteBehavior [ RunTime:0.000000s ]
INFO: [ app_init ] --END-- [ RunTime:0.001000s ]
INFO: [ app_begin ] --START--
INFO: Run Behavior\ReadHtmlCacheBehavior [ RunTime:0.001000s ]
INFO: [ app_begin ] --END-- [ RunTime:0.001000s ]
SQL: SELECT * FROM `website` LIMIT 1   [ RunTime:0.0000s ]
SQL: SELECT * FROM `website`  [ RunTime:0.0000s ]
SQL: SELECT * FROM `excellent` LIMIT 1,8   [ RunTime:0.0020s ]
SQL: SELECT * FROM `excellent` LIMIT 0,7   [ RunTime:0.0000s ]
SQL: SELECT * FROM `link`  [ RunTime:0.0000s ]
SQL: SELECT * FROM `rank` WHERE ( name='酷狗飙升榜' ) LIMIT 1   [ RunTime:0.0010s ]
SQL: SELECT `id`,`rank_id`,`song_id` FROM `rank_song` WHERE ( rank_id=4 )  [ RunTime:0.0000s ]
SQL: SELECT * FROM `song` WHERE `id` IN (4,3,2,6,7,8,9) ORDER BY id asc  [ RunTime:0.0020s ]
SQL: SELECT * FROM `rank` WHERE ( name='欧美新歌榜' ) LIMIT 1   [ RunTime:0.0000s ]
SQL: SELECT `id`,`rank_id`,`song_id` FROM `rank_song` WHERE ( rank_id=7 )  [ RunTime:0.0000s ]
SQL: SELECT * FROM `song` WHERE `id` IN (4,3,2,6,7,8,9,1,2,3,4,5,6,7,8,9) ORDER BY id asc  [ RunTime:0.0000s ]
SQL: SELECT * FROM `rank` WHERE ( name='日本新歌榜' ) LIMIT 1   [ RunTime:0.0000s ]
SQL: SELECT `id`,`rank_id`,`song_id` FROM `rank_song` WHERE ( rank_id=9 )  [ RunTime:0.0000s ]
SQL: SELECT * FROM `song` WHERE `id` IN (4,3,2,6,7,8,9,1,2,3,4,5,6,7,8,9,4,5,6,7,8,9,1,2) ORDER BY id asc  [ RunTime:0.0010s ]
SQL: SELECT * FROM `rank` WHERE ( name='蒙面新歌榜' ) LIMIT 1   [ RunTime:0.0000s ]
SQL: SELECT `id`,`rank_id`,`song_id` FROM `rank_song` WHERE ( rank_id=10 )  [ RunTime:0.0000s ]
SQL: SELECT * FROM `song` WHERE `id` IN (4,3,2,6,7,8,9,1,2,3,4,5,6,7,8,9,4,5,6,7,8,9,1,2,1,2,3,4,5,6,7,8,9) ORDER BY id asc  [ RunTime:0.0010s ]
SQL: SELECT * FROM `rank` WHERE ( name='网络红歌榜' ) LIMIT 1   [ RunTime:0.0010s ]
SQL: SELECT `id`,`rank_id`,`song_id` FROM `rank_song` WHERE ( rank_id=10 )  [ RunTime:0.0010s ]
SQL: SELECT * FROM `song` WHERE `id` IN (4,3,2,6,7,8,9,1,2,3,4,5,6,7,8,9,4,5,6,7,8,9,1,2,1,2,3,4,5,6,7,8,9,1,2,3,4,5,6,7,8,9) ORDER BY id asc  [ RunTime:0.0010s ]
SQL: SELECT * FROM `rank` WHERE ( name='酷狗分享榜' ) LIMIT 1   [ RunTime:0.0000s ]
SQL: SELECT `id`,`rank_id`,`song_id` FROM `rank_song` WHERE ( rank_id=13 )  [ RunTime:0.0000s ]
SQL: SELECT * FROM `song` WHERE `id` IN (4,3,2,6,7,8,9,1,2,3,4,5,6,7,8,9,4,5,6,7,8,9,1,2,1,2,3,4,5,6,7,8,9,1,2,3,4,5,6,7,8,9,1,2,3,4,5,6,7,8,9) ORDER BY id asc  [ RunTime:0.0000s ]
SQL: SELECT * FROM `rank` WHERE ( name='酷狗飙升榜' ) LIMIT 1   [ RunTime:0.0000s ]
SQL: SELECT `id`,`rank_id`,`song_id` FROM `rank_song` WHERE ( rank_id=4 )  [ RunTime:0.0000s ]
SQL: SELECT * FROM `song` WHERE `id` IN (4,3,2,6,7,8,9,1,2,3,4,5,6,7,8,9,4,5,6,7,8,9,1,2,1,2,3,4,5,6,7,8,9,1,2,3,4,5,6,7,8,9,1,2,3,4,5,6,7,8,9,4,3,2,6,7,8,9) ORDER BY id asc  [ RunTime:0.0010s ]
SQL: SELECT * FROM `rank` WHERE ( name='酷狗TOP500' ) LIMIT 1   [ RunTime:0.0010s ]
SQL: SELECT `id`,`rank_id`,`song_id` FROM `rank_song` WHERE ( rank_id=5 )  [ RunTime:0.0010s ]
SQL: SELECT * FROM `song` WHERE `id` IN (4,3,2,6,7,8,9,1,2,3,4,5,6,7,8,9,4,5,6,7,8,9,1,2,1,2,3,4,5,6,7,8,9,1,2,3,4,5,6,7,8,9,1,2,3,4,5,6,7,8,9,4,3,2,6,7,8,9,9,8,7,6,5) ORDER BY id asc  [ RunTime:0.0000s ]
SQL: SELECT * FROM `rank` WHERE ( name='中国TOP排行榜' ) LIMIT 1   [ RunTime:0.0000s ]
SQL: SELECT `id`,`rank_id`,`song_id` FROM `rank_song` WHERE ( rank_id=18 )  [ RunTime:0.0000s ]
SQL: SELECT * FROM `song` WHERE `id` IN (4,3,2,6,7,8,9,1,2,3,4,5,6,7,8,9,4,5,6,7,8,9,1,2,1,2,3,4,5,6,7,8,9,1,2,3,4,5,6,7,8,9,1,2,3,4,5,6,7,8,9,4,3,2,6,7,8,9,9,8,7,6,5,1,2,3,4,5,6,7,8,9) ORDER BY id asc  [ RunTime:0.0000s ]
SQL: SELECT * FROM `rank` WHERE ( name='香港RTHK电台榜' ) LIMIT 1   [ RunTime:0.0000s ]
SQL: SELECT `id`,`rank_id`,`song_id` FROM `rank_song` WHERE ( rank_id=24 )  [ RunTime:0.0000s ]
SQL: SELECT * FROM `song` WHERE `id` IN (4,3,2,6,7,8,9,1,2,3,4,5,6,7,8,9,4,5,6,7,8,9,1,2,1,2,3,4,5,6,7,8,9,1,2,3,4,5,6,7,8,9,1,2,3,4,5,6,7,8,9,4,3,2,6,7,8,9,9,8,7,6,5,1,2,3,4,5,6,7,8,9,1,2,3,4,5,6,7,8,9) ORDER BY id asc  [ RunTime:0.0000s ]
SQL: SELECT * FROM `rank` WHERE ( name='日本新歌榜' ) LIMIT 1   [ RunTime:0.0000s ]
SQL: SELECT `id`,`rank_id`,`song_id` FROM `rank_song` WHERE ( rank_id=9 )  [ RunTime:0.0000s ]
SQL: SELECT * FROM `song` WHERE `id` IN (4,3,2,6,7,8,9,1,2,3,4,5,6,7,8,9,4,5,6,7,8,9,1,2,1,2,3,4,5,6,7,8,9,1,2,3,4,5,6,7,8,9,1,2,3,4,5,6,7,8,9,4,3,2,6,7,8,9,9,8,7,6,5,1,2,3,4,5,6,7,8,9,1,2,3,4,5,6,7,8,9,4,5,6,7,8,9,1,2) ORDER BY id asc  [ RunTime:0.0000s ]
SQL: SELECT * FROM `rank` WHERE ( name='美国BillBoard榜' ) LIMIT 1   [ RunTime:0.0000s ]
SQL: SELECT `id`,`rank_id`,`song_id` FROM `rank_song` WHERE ( rank_id=19 )  [ RunTime:0.0000s ]
SQL: SELECT * FROM `song` WHERE `id` IN (4,3,2,6,7,8,9,1,2,3,4,5,6,7,8,9,4,5,6,7,8,9,1,2,1,2,3,4,5,6,7,8,9,1,2,3,4,5,6,7,8,9,1,2,3,4,5,6,7,8,9,4,3,2,6,7,8,9,9,8,7,6,5,1,2,3,4,5,6,7,8,9,1,2,3,4,5,6,7,8,9,4,5,6,7,8,9,1,2,1,2,3,4,5,6,7,8,9) ORDER BY id asc  [ RunTime:0.0010s ]
SQL: SELECT * FROM `classify` WHERE ( pid = 0 )  [ RunTime:0.0020s ]
SQL: SELECT * FROM `classify`  [ RunTime:0.0000s ]
SQL: SELECT * FROM `classify` WHERE `id` IN ('7','8','37','9','10','11','12','1')  [ RunTime:0.0000s ]
SQL: SELECT * FROM `classify` WHERE `id` IN ('13','14','15','16','17','2')  [ RunTime:0.0000s ]
SQL: SELECT * FROM `classify` WHERE `id` IN ('18','19','20','21','22','3')  [ RunTime:0.0000s ]
SQL: SELECT * FROM `classify` WHERE `id` IN ('28','29','30','31','5')  [ RunTime:0.0010s ]
SQL: SELECT * FROM `classify` WHERE `id` IN ('32','33','34','35','36','6')  [ RunTime:0.0000s ]
INFO: [ view_parse ] --START--
INFO: [ template_filter ] --START--
INFO: Run Behavior\ContentReplaceBehavior [ RunTime:0.000000s ]
INFO: [ template_filter ] --END-- [ RunTime:0.000000s ]
NOTIC: [8] Undefined index: username F:\wamp64\www\music\Application\Music\Runtime\Cache\Index\317f8038a0cd9a6452a445a2e4c1a178.php 第 34 行.
NOTIC: [8] Undefined variable: rt1 F:\wamp64\www\music\Application\Music\Runtime\Cache\Index\317f8038a0cd9a6452a445a2e4c1a178.php 第 254 行.
NOTIC: [8] Undefined variable: rt2 F:\wamp64\www\music\Application\Music\Runtime\Cache\Index\317f8038a0cd9a6452a445a2e4c1a178.php 第 262 行.
NOTIC: [8] Undefined variable: vv F:\wamp64\www\music\Application\Music\Runtime\Cache\Index\317f8038a0cd9a6452a445a2e4c1a178.php 第 337 行.
NOTIC: [8] Undefined variable: bb F:\wamp64\www\music\Application\Music\Runtime\Cache\Index\317f8038a0cd9a6452a445a2e4c1a178.php 第 353 行.
NOTIC: [8] Undefined variable: bv F:\wamp64\www\music\Application\Music\Runtime\Cache\Index\317f8038a0cd9a6452a445a2e4c1a178.php 第 361 行.
NOTIC: [8] Undefined variable: zz F:\wamp64\www\music\Application\Music\Runtime\Cache\Index\317f8038a0cd9a6452a445a2e4c1a178.php 第 428 行.
NOTIC: [8] Undefined variable: zt F:\wamp64\www\music\Application\Music\Runtime\Cache\Index\317f8038a0cd9a6452a445a2e4c1a178.php 第 436 行.
NOTIC: [8] Undefined variable: mu F:\wamp64\www\music\Application\Music\Runtime\Cache\Index\317f8038a0cd9a6452a445a2e4c1a178.php 第 479 行.
NOTIC: [8] Undefined variable: mi F:\wamp64\www\music\Application\Music\Runtime\Cache\Index\317f8038a0cd9a6452a445a2e4c1a178.php 第 487 行.
NOTIC: [8] Undefined variable: nn F:\wamp64\www\music\Application\Music\Runtime\Cache\Index\317f8038a0cd9a6452a445a2e4c1a178.php 第 503 行.
NOTIC: [8] Undefined variable: nm F:\wamp64\www\music\Application\Music\Runtime\Cache\Index\317f8038a0cd9a6452a445a2e4c1a178.php 第 511 行.
NOTIC: [8] Undefined variable: fs F:\wamp64\www\music\Application\Music\Runtime\Cache\Index\317f8038a0cd9a6452a445a2e4c1a178.php 第 578 行.
NOTIC: [8] Undefined variable: sf F:\wamp64\www\music\Application\Music\Runtime\Cache\Index\317f8038a0cd9a6452a445a2e4c1a178.php 第 586 行.
NOTIC: [8] Undefined variable: ds F:\wamp64\www\music\Application\Music\Runtime\Cache\Index\317f8038a0cd9a6452a445a2e4c1a178.php 第 602 行.
NOTIC: [8] Undefined variable: sd F:\wamp64\www\music\Application\Music\Runtime\Cache\Index\317f8038a0cd9a6452a445a2e4c1a178.php 第 610 行.
INFO: Run Behavior\ParseTemplateBehavior [ RunTime:0.176000s ]
INFO: [ view_parse ] --END-- [ RunTime:0.176000s ]
INFO: [ view_filter ] --START--
INFO: Run Behavior\WriteHtmlCacheBehavior [ RunTime:0.001000s ]
INFO: [ view_filter ] --END-- [ RunTime:0.001000s ]
INFO: [ app_end ] --START--
INFO: Run Behavior\ShowPageTraceBehavior [ RunTime:0.001000s ]
INFO: [ app_end ] --END-- [ RunTime:0.001000s ]

