[ 2016-11-21T15:11:32+08:00 ] 127.0.0.1 /music/
INFO: [ app_init ] --START--
INFO: Run Behavior\BuildLiteBehavior [ RunTime:0.000000s ]
INFO: [ app_init ] --END-- [ RunTime:0.002000s ]
INFO: [ app_begin ] --START--
INFO: Run Behavior\ReadHtmlCacheBehavior [ RunTime:0.006000s ]
INFO: [ app_begin ] --END-- [ RunTime:0.007000s ]
ERR: SQLSTATE[HY000] [2002] ”…”⁄ƒø±Íº∆À„ª˙ª˝º´æ‹æ¯£¨Œﬁ∑®¡¨Ω”°£


[ 2016-11-21T15:11:36+08:00 ] 127.0.0.1 /music/
INFO: [ app_init ] --START--
INFO: Run Behavior\BuildLiteBehavior [ RunTime:0.000000s ]
INFO: [ app_init ] --END-- [ RunTime:0.001000s ]
INFO: [ app_begin ] --START--
INFO: Run Behavior\ReadHtmlCacheBehavior [ RunTime:0.000000s ]
INFO: [ app_begin ] --END-- [ RunTime:0.000000s ]
SQL: SELECT * FROM `website` LIMIT 1   [ RunTime:0.0460s ]
SQL: SELECT * FROM `website`  [ RunTime:0.0010s ]
SQL: SELECT * FROM `excellent` LIMIT 1,8   [ RunTime:0.0280s ]
SQL: SELECT * FROM `excellent` LIMIT 0,7   [ RunTime:0.0010s ]
SQL: SELECT * FROM `link`  [ RunTime:0.0250s ]
SQL: SELECT * FROM `rank` WHERE ( name='ÈÖ∑ÁãóÈ£ôÂçáÊ¶ú' ) LIMIT 1   [ RunTime:0.0110s ]
SQL: SELECT `id`,`rank_id`,`song_id` FROM `rank_song` WHERE ( rank_id=4 )  [ RunTime:0.0230s ]
SQL: SELECT * FROM `song` WHERE `id` IN (4,3,2,6,7,8,9) ORDER BY id asc  [ RunTime:0.0130s ]
SQL: SELECT * FROM `rank` WHERE ( name='Ê¨ßÁæéÊñ∞Ê≠åÊ¶ú' ) LIMIT 1   [ RunTime:0.0000s ]
SQL: SELECT `id`,`rank_id`,`song_id` FROM `rank_song` WHERE ( rank_id=7 )  [ RunTime:0.0000s ]
SQL: SELECT * FROM `song` WHERE `id` IN (4,3,2,6,7,8,9,1,2,3,4,5,6,7,8,9) ORDER BY id asc  [ RunTime:0.0000s ]
SQL: SELECT * FROM `rank` WHERE ( name='Êó•Êú¨Êñ∞Ê≠åÊ¶ú' ) LIMIT 1   [ RunTime:0.0000s ]
SQL: SELECT `id`,`rank_id`,`song_id` FROM `rank_song` WHERE ( rank_id=9 )  [ RunTime:0.0000s ]
SQL: SELECT * FROM `song` WHERE `id` IN (4,3,2,6,7,8,9,1,2,3,4,5,6,7,8,9,4,5,6,7,8,9,1,2) ORDER BY id asc  [ RunTime:0.0000s ]
SQL: SELECT * FROM `rank` WHERE ( name='ËíôÈù¢Êñ∞Ê≠åÊ¶ú' ) LIMIT 1   [ RunTime:0.0000s ]
SQL: SELECT `id`,`rank_id`,`song_id` FROM `rank_song` WHERE ( rank_id=10 )  [ RunTime:0.0010s ]
SQL: SELECT * FROM `song` WHERE `id` IN (4,3,2,6,7,8,9,1,2,3,4,5,6,7,8,9,4,5,6,7,8,9,1,2,1,2,3,4,5,6,7,8,9) ORDER BY id asc  [ RunTime:0.0000s ]
SQL: SELECT * FROM `rank` WHERE ( name='ÁΩëÁªúÁ∫¢Ê≠åÊ¶ú' ) LIMIT 1   [ RunTime:0.0010s ]
SQL: SELECT `id`,`rank_id`,`song_id` FROM `rank_song` WHERE ( rank_id=10 )  [ RunTime:0.0000s ]
SQL: SELECT * FROM `song` WHERE `id` IN (4,3,2,6,7,8,9,1,2,3,4,5,6,7,8,9,4,5,6,7,8,9,1,2,1,2,3,4,5,6,7,8,9,1,2,3,4,5,6,7,8,9) ORDER BY id asc  [ RunTime:0.0010s ]
SQL: SELECT * FROM `rank` WHERE ( name='ÈÖ∑ÁãóÂàÜ‰∫´Ê¶ú' ) LIMIT 1   [ RunTime:0.0000s ]
SQL: SELECT `id`,`rank_id`,`song_id` FROM `rank_song` WHERE ( rank_id=13 )  [ RunTime:0.0000s ]
SQL: SELECT * FROM `song` WHERE `id` IN (4,3,2,6,7,8,9,1,2,3,4,5,6,7,8,9,4,5,6,7,8,9,1,2,1,2,3,4,5,6,7,8,9,1,2,3,4,5,6,7,8,9,1,2,3,4,5,6,7,8,9) ORDER BY id asc  [ RunTime:0.0000s ]
SQL: SELECT * FROM `rank` WHERE ( name='ÈÖ∑ÁãóÈ£ôÂçáÊ¶ú' ) LIMIT 1   [ RunTime:0.0000s ]
SQL: SELECT `id`,`rank_id`,`song_id` FROM `rank_song` WHERE ( rank_id=4 )  [ RunTime:0.0010s ]
SQL: SELECT * FROM `song` WHERE `id` IN (4,3,2,6,7,8,9,1,2,3,4,5,6,7,8,9,4,5,6,7,8,9,1,2,1,2,3,4,5,6,7,8,9,1,2,3,4,5,6,7,8,9,1,2,3,4,5,6,7,8,9,4,3,2,6,7,8,9) ORDER BY id asc  [ RunTime:0.0000s ]
SQL: SELECT * FROM `rank` WHERE ( name='ÈÖ∑ÁãóTOP500' ) LIMIT 1   [ RunTime:0.0000s ]
SQL: SELECT `id`,`rank_id`,`song_id` FROM `rank_song` WHERE ( rank_id=5 )  [ RunTime:0.0000s ]
SQL: SELECT * FROM `song` WHERE `id` IN (4,3,2,6,7,8,9,1,2,3,4,5,6,7,8,9,4,5,6,7,8,9,1,2,1,2,3,4,5,6,7,8,9,1,2,3,4,5,6,7,8,9,1,2,3,4,5,6,7,8,9,4,3,2,6,7,8,9,9,8,7,6,5) ORDER BY id asc  [ RunTime:0.0010s ]
SQL: SELECT * FROM `rank` WHERE ( name='‰∏≠ÂõΩTOPÊéíË°åÊ¶ú' ) LIMIT 1   [ RunTime:0.0000s ]
SQL: SELECT `id`,`rank_id`,`song_id` FROM `rank_song` WHERE ( rank_id=18 )  [ RunTime:0.0000s ]
SQL: SELECT * FROM `song` WHERE `id` IN (4,3,2,6,7,8,9,1,2,3,4,5,6,7,8,9,4,5,6,7,8,9,1,2,1,2,3,4,5,6,7,8,9,1,2,3,4,5,6,7,8,9,1,2,3,4,5,6,7,8,9,4,3,2,6,7,8,9,9,8,7,6,5,1,2,3,4,5,6,7,8,9) ORDER BY id asc  [ RunTime:0.0010s ]
SQL: SELECT * FROM `rank` WHERE ( name='È¶ôÊ∏ØRTHKÁîµÂè∞Ê¶ú' ) LIMIT 1   [ RunTime:0.0000s ]
SQL: SELECT `id`,`rank_id`,`song_id` FROM `rank_song` WHERE ( rank_id=24 )  [ RunTime:0.0000s ]
SQL: SELECT * FROM `song` WHERE `id` IN (4,3,2,6,7,8,9,1,2,3,4,5,6,7,8,9,4,5,6,7,8,9,1,2,1,2,3,4,5,6,7,8,9,1,2,3,4,5,6,7,8,9,1,2,3,4,5,6,7,8,9,4,3,2,6,7,8,9,9,8,7,6,5,1,2,3,4,5,6,7,8,9,1,2,3,4,5,6,7,8,9) ORDER BY id asc  [ RunTime:0.0010s ]
SQL: SELECT * FROM `rank` WHERE ( name='Êó•Êú¨Êñ∞Ê≠åÊ¶ú' ) LIMIT 1   [ RunTime:0.0000s ]
SQL: SELECT `id`,`rank_id`,`song_id` FROM `rank_song` WHERE ( rank_id=9 )  [ RunTime:0.0000s ]
SQL: SELECT * FROM `song` WHERE `id` IN (4,3,2,6,7,8,9,1,2,3,4,5,6,7,8,9,4,5,6,7,8,9,1,2,1,2,3,4,5,6,7,8,9,1,2,3,4,5,6,7,8,9,1,2,3,4,5,6,7,8,9,4,3,2,6,7,8,9,9,8,7,6,5,1,2,3,4,5,6,7,8,9,1,2,3,4,5,6,7,8,9,4,5,6,7,8,9,1,2) ORDER BY id asc  [ RunTime:0.0000s ]
SQL: SELECT * FROM `rank` WHERE ( name='ÁæéÂõΩBillBoardÊ¶ú' ) LIMIT 1   [ RunTime:0.0000s ]
SQL: SELECT `id`,`rank_id`,`song_id` FROM `rank_song` WHERE ( rank_id=19 )  [ RunTime:0.0000s ]
SQL: SELECT * FROM `song` WHERE `id` IN (4,3,2,6,7,8,9,1,2,3,4,5,6,7,8,9,4,5,6,7,8,9,1,2,1,2,3,4,5,6,7,8,9,1,2,3,4,5,6,7,8,9,1,2,3,4,5,6,7,8,9,4,3,2,6,7,8,9,9,8,7,6,5,1,2,3,4,5,6,7,8,9,1,2,3,4,5,6,7,8,9,4,5,6,7,8,9,1,2,1,2,3,4,5,6,7,8,9) ORDER BY id asc  [ RunTime:0.0000s ]
SQL: SELECT * FROM `classify` WHERE ( pid = 0 )  [ RunTime:0.0150s ]
SQL: SELECT * FROM `classify`  [ RunTime:0.0010s ]
SQL: SELECT * FROM `classify` WHERE `id` IN ('7','8','37','9','10','11','12','1')  [ RunTime:0.0010s ]
SQL: SELECT * FROM `classify` WHERE `id` IN ('13','14','15','16','17','2')  [ RunTime:0.0010s ]
SQL: SELECT * FROM `classify` WHERE `id` IN ('18','19','20','21','22','3')  [ RunTime:0.0010s ]
SQL: SELECT * FROM `classify` WHERE `id` IN ('28','29','30','31','5')  [ RunTime:0.0000s ]
SQL: SELECT * FROM `classify` WHERE `id` IN ('32','33','34','35','36','6')  [ RunTime:0.0000s ]
INFO: [ view_parse ] --START--
INFO: [ template_filter ] --START--
INFO: Run Behavior\ContentReplaceBehavior [ RunTime:0.011000s ]
INFO: [ template_filter ] --END-- [ RunTime:0.011000s ]
NOTIC: [8] Undefined index: username F:\wamp64\www\music\Application\Music\Runtime\Cache\Index\317f8038a0cd9a6452a445a2e4c1a178.php Á¨¨ 34 Ë°å.
NOTIC: [8] Undefined variable: rt1 F:\wamp64\www\music\Application\Music\Runtime\Cache\Index\317f8038a0cd9a6452a445a2e4c1a178.php Á¨¨ 254 Ë°å.
NOTIC: [8] Undefined variable: rt2 F:\wamp64\www\music\Application\Music\Runtime\Cache\Index\317f8038a0cd9a6452a445a2e4c1a178.php Á¨¨ 262 Ë°å.
NOTIC: [8] Undefined variable: vv F:\wamp64\www\music\Application\Music\Runtime\Cache\Index\317f8038a0cd9a6452a445a2e4c1a178.php Á¨¨ 337 Ë°å.
NOTIC: [8] Undefined variable: bb F:\wamp64\www\music\Application\Music\Runtime\Cache\Index\317f8038a0cd9a6452a445a2e4c1a178.php Á¨¨ 353 Ë°å.
NOTIC: [8] Undefined variable: bv F:\wamp64\www\music\Application\Music\Runtime\Cache\Index\317f8038a0cd9a6452a445a2e4c1a178.php Á¨¨ 361 Ë°å.
NOTIC: [8] Undefined variable: zz F:\wamp64\www\music\Application\Music\Runtime\Cache\Index\317f8038a0cd9a6452a445a2e4c1a178.php Á¨¨ 428 Ë°å.
NOTIC: [8] Undefined variable: zt F:\wamp64\www\music\Application\Music\Runtime\Cache\Index\317f8038a0cd9a6452a445a2e4c1a178.php Á¨¨ 436 Ë°å.
NOTIC: [8] Undefined variable: mu F:\wamp64\www\music\Application\Music\Runtime\Cache\Index\317f8038a0cd9a6452a445a2e4c1a178.php Á¨¨ 479 Ë°å.
NOTIC: [8] Undefined variable: mi F:\wamp64\www\music\Application\Music\Runtime\Cache\Index\317f8038a0cd9a6452a445a2e4c1a178.php Á¨¨ 487 Ë°å.
NOTIC: [8] Undefined variable: nn F:\wamp64\www\music\Application\Music\Runtime\Cache\Index\317f8038a0cd9a6452a445a2e4c1a178.php Á¨¨ 503 Ë°å.
NOTIC: [8] Undefined variable: nm F:\wamp64\www\music\Application\Music\Runtime\Cache\Index\317f8038a0cd9a6452a445a2e4c1a178.php Á¨¨ 511 Ë°å.
NOTIC: [8] Undefined variable: fs F:\wamp64\www\music\Application\Music\Runtime\Cache\Index\317f8038a0cd9a6452a445a2e4c1a178.php Á¨¨ 578 Ë°å.
NOTIC: [8] Undefined variable: sf F:\wamp64\www\music\Application\Music\Runtime\Cache\Index\317f8038a0cd9a6452a445a2e4c1a178.php Á¨¨ 586 Ë°å.
NOTIC: [8] Undefined variable: ds F:\wamp64\www\music\Application\Music\Runtime\Cache\Index\317f8038a0cd9a6452a445a2e4c1a178.php Á¨¨ 602 Ë°å.
NOTIC: [8] Undefined variable: sd F:\wamp64\www\music\Application\Music\Runtime\Cache\Index\317f8038a0cd9a6452a445a2e4c1a178.php Á¨¨ 610 Ë°å.
INFO: Run Behavior\ParseTemplateBehavior [ RunTime:0.249000s ]
INFO: [ view_parse ] --END-- [ RunTime:0.250000s ]
INFO: [ view_filter ] --START--
INFO: Run Behavior\WriteHtmlCacheBehavior [ RunTime:0.017000s ]
INFO: [ view_filter ] --END-- [ RunTime:0.017000s ]
INFO: [ app_end ] --START--
INFO: Run Behavior\ShowPageTraceBehavior [ RunTime:0.014000s ]
INFO: [ app_end ] --END-- [ RunTime:0.014000s ]

[ 2016-11-21T15:11:38+08:00 ] ::1 /music/index.php/Index/Employee/index.html
INFO: [ app_init ] --START--
INFO: Run Behavior\BuildLiteBehavior [ RunTime:0.000000s ]
INFO: [ app_init ] --END-- [ RunTime:0.000000s ]
INFO: [ app_begin ] --START--
INFO: Run Behavior\ReadHtmlCacheBehavior [ RunTime:0.001000s ]
INFO: [ app_begin ] --END-- [ RunTime:0.001000s ]
INFO: [ view_parse ] --START--
INFO: [ template_filter ] --START--
INFO: Run Behavior\ContentReplaceBehavior [ RunTime:0.000000s ]
INFO: [ template_filter ] --END-- [ RunTime:0.001000s ]
INFO: Run Behavior\ParseTemplateBehavior [ RunTime:0.008000s ]
INFO: [ view_parse ] --END-- [ RunTime:0.008000s ]
INFO: [ view_filter ] --START--
INFO: Run Behavior\WriteHtmlCacheBehavior [ RunTime:0.000000s ]
INFO: [ view_filter ] --END-- [ RunTime:0.000000s ]
INFO: [ app_end ] --START--
INFO: Run Behavior\ShowPageTraceBehavior [ RunTime:0.001000s ]
INFO: [ app_end ] --END-- [ RunTime:0.001000s ]

[ 2016-11-21T15:11:48+08:00 ] ::1 /music/index.php/Index/Employee/index1.html
INFO: [ app_init ] --START--
INFO: Run Behavior\BuildLiteBehavior [ RunTime:0.000000s ]
INFO: [ app_init ] --END-- [ RunTime:0.000000s ]
INFO: [ app_begin ] --START--
INFO: Run Behavior\ReadHtmlCacheBehavior [ RunTime:0.000000s ]
INFO: [ app_begin ] --END-- [ RunTime:0.001000s ]
SQL: SELECT COUNT(*) AS tp_count FROM `employee` LIMIT 1   [ RunTime:0.0640s ]
SQL: SELECT * FROM `employee` ORDER BY id asc LIMIT 0,15   [ RunTime:0.0090s ]
INFO: [ view_parse ] --START--
INFO: [ template_filter ] --START--
INFO: Run Behavior\ContentReplaceBehavior [ RunTime:0.000000s ]
INFO: [ template_filter ] --END-- [ RunTime:0.000000s ]
INFO: Run Behavior\ParseTemplateBehavior [ RunTime:0.023000s ]
INFO: [ view_parse ] --END-- [ RunTime:0.023000s ]
INFO: [ view_filter ] --START--
INFO: Run Behavior\WriteHtmlCacheBehavior [ RunTime:0.000000s ]
INFO: [ view_filter ] --END-- [ RunTime:0.000000s ]
INFO: [ app_end ] --START--
INFO: Run Behavior\ShowPageTraceBehavior [ RunTime:0.000000s ]
INFO: [ app_end ] --END-- [ RunTime:0.000000s ]

[ 2016-11-21T15:12:08+08:00 ] ::1 /music/index.php/Index/Employee/index2.html
INFO: [ app_init ] --START--
INFO: Run Behavior\BuildLiteBehavior [ RunTime:0.000000s ]
INFO: [ app_init ] --END-- [ RunTime:0.000000s ]
INFO: [ app_begin ] --START--
INFO: Run Behavior\ReadHtmlCacheBehavior [ RunTime:0.000000s ]
INFO: [ app_begin ] --END-- [ RunTime:0.000000s ]
SQL: SELECT COUNT(*) AS tp_count FROM `employee` LIMIT 1   [ RunTime:0.0010s ]
SQL: SELECT * FROM `employee` LIMIT 0,15   [ RunTime:0.0010s ]
INFO: [ view_parse ] --START--
INFO: [ template_filter ] --START--
INFO: Run Behavior\ContentReplaceBehavior [ RunTime:0.000000s ]
INFO: [ template_filter ] --END-- [ RunTime:0.001000s ]
INFO: Run Behavior\ParseTemplateBehavior [ RunTime:0.062000s ]
INFO: [ view_parse ] --END-- [ RunTime:0.062000s ]
INFO: [ view_filter ] --START--
INFO: Run Behavior\WriteHtmlCacheBehavior [ RunTime:0.000000s ]
INFO: [ view_filter ] --END-- [ RunTime:0.001000s ]
INFO: [ app_end ] --START--
INFO: Run Behavior\ShowPageTraceBehavior [ RunTime:0.000000s ]
INFO: [ app_end ] --END-- [ RunTime:0.000000s ]

